<?xml version="1.0" encoding="UTF-8"?>
<robot generator="Robot 6.1.1 (Python 3.10.12 on linux)" generated="20231107 17:33:45.093" rpa="false" schemaversion="4">
<suite id="s1" name="VersionComparison" source="/home/amantya/Videos/athena/Version_Comparison/ModulesVersionCompForEnvs/VersionComparison.robot">
<test id="s1-t1" name="Extract Modules Version From CLI And Convert In JSON" line="17">
<kw name="Version_Comparision_Of_Modules_For_Envs">
<for flavor="IN">
<var>${sutdetails}</var>
<value>@{SUT_INPUT}</value>
<iter>
<var name="${sutdetails}">{'Sut_IP': '10.30.249.244', 'Core_IP': '10.30.249.221', 'User_Name': 'vzqa', 'Password': 'Netprizm@2023', 'Env': 'qa2'}</var>
<kw name="Evaluate" library="BuiltIn">
<var>${SUT_IP}</var>
<arg>${sutdetails}.get("Sut_IP","SUT_IP NOT FOUND")</arg>
<doc>Evaluates the given expression in Python and returns the result.</doc>
<msg timestamp="20231107 17:33:45.216" level="INFO">${SUT_IP} = 10.30.249.244</msg>
<status status="PASS" starttime="20231107 17:33:45.216" endtime="20231107 17:33:45.216"/>
</kw>
<kw name="Evaluate" library="BuiltIn">
<var>${Core_IP}</var>
<arg>${sutdetails}.get("Core_IP","Core_IP NOT FOUND")</arg>
<doc>Evaluates the given expression in Python and returns the result.</doc>
<msg timestamp="20231107 17:33:45.216" level="INFO">${Core_IP} = 10.30.249.221</msg>
<status status="PASS" starttime="20231107 17:33:45.216" endtime="20231107 17:33:45.216"/>
</kw>
<kw name="Evaluate" library="BuiltIn">
<var>${User_Name}</var>
<arg>${sutdetails}.get("User_Name","User_Name NOT FOUND")</arg>
<doc>Evaluates the given expression in Python and returns the result.</doc>
<msg timestamp="20231107 17:33:45.217" level="INFO">${User_Name} = vzqa</msg>
<status status="PASS" starttime="20231107 17:33:45.216" endtime="20231107 17:33:45.217"/>
</kw>
<kw name="Evaluate" library="BuiltIn">
<var>${Password}</var>
<arg>${sutdetails}.get("Password","SUT_Password NOT FOUND")</arg>
<doc>Evaluates the given expression in Python and returns the result.</doc>
<msg timestamp="20231107 17:33:45.217" level="INFO">${Password} = Netprizm@2023</msg>
<status status="PASS" starttime="20231107 17:33:45.217" endtime="20231107 17:33:45.217"/>
</kw>
<kw name="Evaluate" library="BuiltIn">
<var>${Env}</var>
<arg>${sutdetails}.get("Env","Env Name NOT FOUND")</arg>
<doc>Evaluates the given expression in Python and returns the result.</doc>
<msg timestamp="20231107 17:33:45.218" level="INFO">${Env} = qa2</msg>
<status status="PASS" starttime="20231107 17:33:45.217" endtime="20231107 17:33:45.218"/>
</kw>
<kw name="Catenate" library="BuiltIn">
<var>${clilogfile}</var>
<arg>${EXECDIR}/${Env}extractVersionsInput.txt</arg>
<doc>Catenates the given items together and returns the resulted string.</doc>
<msg timestamp="20231107 17:33:45.218" level="INFO">${clilogfile} = /home/amantya/Videos/athena/Version_Comparison/ModulesVersionCompForEnvs/qa2extractVersionsInput.txt</msg>
<status status="PASS" starttime="20231107 17:33:45.218" endtime="20231107 17:33:45.218"/>
</kw>
<kw name="Create .txt file of modules version from CLI with SSH" library="resource">
<arg>${SUT_IP}</arg>
<arg>${User_Name}</arg>
<arg>${Password}</arg>
<arg>${clilogfile}</arg>
<doc>This keyword is using for login to remote machine with SSH, login as a defined user,
Validate user, Validate Directory and binary file of CLI, Run the CLI on remote machine for version check
and create log file with "extractVersionsInput.txt" name.
It takes Three arguments 1.Server Ip, 2.UserName, 3.Password.</doc>
<kw name="ssh login" library="resource">
<arg>${server_ip}</arg>
<arg>${UserName}</arg>
<arg>${Password}</arg>
<doc>This keyword takes three arguments Server Ip, UserName, Password. This is Used for login remote machine with SSH.</doc>
<kw name="Open Connection" library="SSHLibrary">
<arg>${server_ip1}</arg>
<doc>Opens a new SSH connection to the given ``host`` and ``port``.</doc>
<status status="PASS" starttime="20231107 17:33:45.218" endtime="20231107 17:33:45.219"/>
</kw>
<kw name="Login" library="SSHLibrary">
<arg>${UserName1}</arg>
<arg>${Password1}</arg>
<arg>allow_agent=False</arg>
<arg>look_for_keys=False</arg>
<doc>Logs into the SSH server with the given ``username`` and ``password``.</doc>
<msg timestamp="20231107 17:33:45.219" level="INFO">Logging into '10.30.249.244:22' as 'vzqa'.</msg>
<msg timestamp="20231107 17:33:51.039" level="INFO">Read output: Welcome to Ubuntu 18.04.6 LTS (GNU/Linux 5.4.0-81-lowlatency x86_64)

 * Documentation:  https://help.ubuntu.com
 * Management:     https://landscape.canonical.com
 * Support:        https://ubuntu.com/advantage

  System information as of Tue Nov  7 07:03:48 EST 2023

  System load:                    108.83
  Usage of /:                     87.4% of 1.72TB
  Memory usage:                   33%
  Swap usage:                     31%
  Processes:                      1583
  Users logged in:                1
  IP address for eno5:            10.30.249.244
  IP address for docker0:         172.22.0.1
  IP address for br-e145f035970a: 172.17.0.1
  IP address for br-5771f647ff0d: 172.25.1.1
  IP address for br-70ebc9e4f734: 172.24.2.1
  IP address for br-df35bd1171d8: 172.24.1.1
  IP address for br-b8d38e5f84fe: 172.26.0.1

  =&gt; / is using 87.4% of 1.72TB

 * Strictly confined Kubernetes makes edge and IoT secure. Learn how MicroK8s
   just raised the bar for easy, resilient and secure K8s cluster deployment.

   https://ubuntu.com/engage/secure-kubernetes-at-the-edge

Expanded Security Maintenance for Infrastructure is not enabled.

49 updates can be applied immediately.
33 of these updates are standard security updates.
To see these additional updates run: apt list --upgradable

98 additional security updates can be applied with ESM Infra.
Learn more about enabling ESM Infra service for Ubuntu 18.04 at
https://ubuntu.com/18-04

New release '20.04.6 LTS' available.
Run 'do-release-upgrade' to upgrade to it.


Last login: Tue Nov  7 05:06:25 2023 from 10.30.248.13
vzqa@as-dl360-r13-24:~$</msg>
<status status="PASS" starttime="20231107 17:33:45.219" endtime="20231107 17:33:51.040"/>
</kw>
<kw name="Set Client Configuration" library="SSHLibrary">
<arg>timeout=2 min</arg>
<doc>Update the `configuration` of the current connection.</doc>
<status status="PASS" starttime="20231107 17:33:51.040" endtime="20231107 17:33:51.040"/>
</kw>
<status status="PASS" starttime="20231107 17:33:45.218" endtime="20231107 17:33:51.040"/>
</kw>
<kw name="Sleep" library="BuiltIn">
<arg>.3</arg>
<doc>Pauses the test executed for the given time.</doc>
<msg timestamp="20231107 17:33:51.341" level="INFO">Slept 300 milliseconds</msg>
<status status="PASS" starttime="20231107 17:33:51.041" endtime="20231107 17:33:51.341"/>
</kw>
<kw name="Catenate" library="BuiltIn">
<var>${commandforchangeuser}</var>
<arg>${SSH_Variables.Command_For_ChangeUser}</arg>
<arg>${SSH_Variables.UserName}</arg>
<doc>Catenates the given items together and returns the resulted string.</doc>
<msg timestamp="20231107 17:33:51.344" level="INFO">${commandforchangeuser} = sudo -i vzqa</msg>
<status status="PASS" starttime="20231107 17:33:51.342" endtime="20231107 17:33:51.344"/>
</kw>
<kw name="Change Directory For Run CLI" library="resource">
<arg>${SSH_Variables.Path_Of_CLI_Directory}</arg>
<doc>This Keyword is using change the directory on remote machine. Its Validate also Directory is changed or not.
If directory changed it returns True
It takes One argument 1.Path of the Directory.</doc>
<kw name="Write Command With SSH" library="resource">
<arg>${Path Of CLI Directory}</arg>
<doc>This Keyword is using for write any command on remote machine console with SSh.
It takes One argument 1.Command</doc>
<kw name="Write" library="SSHLibrary">
<arg>${command}</arg>
<doc>Writes the given ``text`` on the remote machine and appends a newline.</doc>
<msg timestamp="20231107 17:33:51.962" level="INFO">cd /opt/netprizm2/cli</msg>
<status status="PASS" starttime="20231107 17:33:51.346" endtime="20231107 17:33:51.962"/>
</kw>
<kw name="Sleep" library="BuiltIn">
<arg>.1s</arg>
<doc>Pauses the test executed for the given time.</doc>
<msg timestamp="20231107 17:33:52.063" level="INFO">Slept 100 milliseconds</msg>
<status status="PASS" starttime="20231107 17:33:51.962" endtime="20231107 17:33:52.063"/>
</kw>
<status status="PASS" starttime="20231107 17:33:51.345" endtime="20231107 17:33:52.063"/>
</kw>
<status status="PASS" starttime="20231107 17:33:51.344" endtime="20231107 17:33:52.063"/>
</kw>
<kw name="Write Command With SSH" library="resource">
<arg>${SSH_Variables.CLI_Run_Command}</arg>
<doc>This Keyword is using for write any command on remote machine console with SSh.
It takes One argument 1.Command</doc>
<kw name="Write" library="SSHLibrary">
<arg>${command}</arg>
<doc>Writes the given ``text`` on the remote machine and appends a newline.</doc>
<msg timestamp="20231107 17:33:52.402" level="INFO">vzqa@as-dl360-r13-24:/opt/netprizm2/cli$ ./np2-cli-tool.sh</msg>
<status status="PASS" starttime="20231107 17:33:52.065" endtime="20231107 17:33:52.402"/>
</kw>
<kw name="Sleep" library="BuiltIn">
<arg>.1s</arg>
<doc>Pauses the test executed for the given time.</doc>
<msg timestamp="20231107 17:33:52.503" level="INFO">Slept 100 milliseconds</msg>
<status status="PASS" starttime="20231107 17:33:52.402" endtime="20231107 17:33:52.503"/>
</kw>
<status status="PASS" starttime="20231107 17:33:52.064" endtime="20231107 17:33:52.503"/>
</kw>
<kw name="Sleep" library="BuiltIn">
<arg>1s</arg>
<doc>Pauses the test executed for the given time.</doc>
<msg timestamp="20231107 17:33:53.504" level="INFO">Slept 1 second</msg>
<status status="PASS" starttime="20231107 17:33:52.503" endtime="20231107 17:33:53.504"/>
</kw>
<kw name="Write Command With SSH" library="resource">
<arg>nand.kishor@amantyatech.com</arg>
<doc>This Keyword is using for write any command on remote machine console with SSh.
It takes One argument 1.Command</doc>
<kw name="Write" library="SSHLibrary">
<arg>${command}</arg>
<doc>Writes the given ``text`` on the remote machine and appends a newline.</doc>
<status status="PASS" starttime="20231107 17:33:53.505" endtime="20231107 17:33:53.506"/>
</kw>
<kw name="Sleep" library="BuiltIn">
<arg>.1s</arg>
<doc>Pauses the test executed for the given time.</doc>
<msg timestamp="20231107 17:33:53.607" level="INFO">Slept 100 milliseconds</msg>
<status status="PASS" starttime="20231107 17:33:53.506" endtime="20231107 17:33:53.607"/>
</kw>
<status status="PASS" starttime="20231107 17:33:53.505" endtime="20231107 17:33:53.607"/>
</kw>
<kw name="Sleep" library="BuiltIn">
<arg>1s</arg>
<doc>Pauses the test executed for the given time.</doc>
<msg timestamp="20231107 17:33:54.608" level="INFO">Slept 1 second</msg>
<status status="PASS" starttime="20231107 17:33:53.608" endtime="20231107 17:33:54.609"/>
</kw>
<kw name="Write Command With SSH" library="resource">
<arg>Nandk@8468</arg>
<doc>This Keyword is using for write any command on remote machine console with SSh.
It takes One argument 1.Command</doc>
<kw name="Write" library="SSHLibrary">
<arg>${command}</arg>
<doc>Writes the given ``text`` on the remote machine and appends a newline.</doc>
<msg timestamp="20231107 17:33:54.611" level="INFO">[1m***********************************************[m</msg>
<status status="PASS" starttime="20231107 17:33:54.609" endtime="20231107 17:33:54.611"/>
</kw>
<kw name="Sleep" library="BuiltIn">
<arg>.1s</arg>
<doc>Pauses the test executed for the given time.</doc>
<msg timestamp="20231107 17:33:54.712" level="INFO">Slept 100 milliseconds</msg>
<status status="PASS" starttime="20231107 17:33:54.611" endtime="20231107 17:33:54.712"/>
</kw>
<status status="PASS" starttime="20231107 17:33:54.609" endtime="20231107 17:33:54.712"/>
</kw>
<kw name="Sleep" library="BuiltIn">
<arg>1s</arg>
<doc>Pauses the test executed for the given time.</doc>
<msg timestamp="20231107 17:33:55.713" level="INFO">Slept 1 second</msg>
<status status="PASS" starttime="20231107 17:33:54.712" endtime="20231107 17:33:55.713"/>
</kw>
<kw name="Read Output Of Command with SSH" library="resource">
<var>${data}</var>
<doc>This Keyword is using for read the any command output or console log of remote machine with SSH.</doc>
<kw name="Read" library="SSHLibrary">
<var>${output}</var>
<arg>delay=.2s</arg>
<doc>Consumes and returns everything available on the server output.</doc>
<msg timestamp="20231107 17:33:55.915" level="INFO">[1mNetprizm CLI Login[m  (Press enter to skip login)
Auto-login successful![m
[m
Welcome: [1mVZ QA[m
Session expires: [1m11-07-2023 15:01:08 EST[m
[1m***********************************************[m




[1mCommand Line Interface (CLI) for Netprizm (CLI Version: 23.09.29.1)[m

   [1m[4mHOME[m[m  |  SYSTEM  |  NETWORK  | USE CASE  |  UE  |  TRAFFIC

   Home Command     | Description
   ---------------- | ---------------------------------------
    h|?,   help     | Help
    su,    signup   | Create a new user
    lgn,   login    | Log into application
    sys,   system   | System Management
    net,   network  | Network Management
    tfc,   traffic  | Traffic Management
    uc,    usecase  | Use Case Management
    ue,    ue       | UE Management
    v,     version  | Get version information
    q,     quit     | Quit and exit CLI



$(home)&gt; nand.kishor@amantyatech.com

[1mInvalid command: 'nand.kishor@amantyatech.com'[m  [1mFor help type: 'h' or 'help' [m

$(home)&gt; Nandk@8468

[1mInvalid command: 'Nandk@8468'[m  [1mFor help type: 'h' or 'help' [m

$(home)&gt;</msg>
<msg timestamp="20231107 17:33:55.915" level="INFO">${output} = [1mNetprizm CLI Login[m  (Press enter to skip login)
Auto-login successful![m
[m
Welcome: [1mVZ QA[m
Session expires: [1m11-07-2023 15:01:08 EST[m
[1m*******************************...</msg>
<status status="PASS" starttime="20231107 17:33:55.714" endtime="20231107 17:33:55.915"/>
</kw>
<msg timestamp="20231107 17:33:55.916" level="INFO">${data} = [1mNetprizm CLI Login[m  (Press enter to skip login)
Auto-login successful![m
[m
Welcome: [1mVZ QA[m
Session expires: [1m11-07-2023 15:01:08 EST[m
[1m*******************************...</msg>
<status status="PASS" starttime="20231107 17:33:55.713" endtime="20231107 17:33:55.916"/>
</kw>
<kw name="Sleep" library="BuiltIn">
<arg>5s</arg>
<doc>Pauses the test executed for the given time.</doc>
<msg timestamp="20231107 17:34:00.917" level="INFO">Slept 5 seconds</msg>
<status status="PASS" starttime="20231107 17:33:55.916" endtime="20231107 17:34:00.917"/>
</kw>
<kw name="Write Command With SSH" library="resource">
<arg>${SSH_Variables.Modules_Version_Check_Command}</arg>
<doc>This Keyword is using for write any command on remote machine console with SSh.
It takes One argument 1.Command</doc>
<kw name="Write" library="SSHLibrary">
<arg>${command}</arg>
<doc>Writes the given ``text`` on the remote machine and appends a newline.</doc>
<msg timestamp="20231107 17:34:01.155" level="INFO">v</msg>
<status status="PASS" starttime="20231107 17:34:00.919" endtime="20231107 17:34:01.155"/>
</kw>
<kw name="Sleep" library="BuiltIn">
<arg>.1s</arg>
<doc>Pauses the test executed for the given time.</doc>
<msg timestamp="20231107 17:34:01.255" level="INFO">Slept 100 milliseconds</msg>
<status status="PASS" starttime="20231107 17:34:01.155" endtime="20231107 17:34:01.255"/>
</kw>
<status status="PASS" starttime="20231107 17:34:00.917" endtime="20231107 17:34:01.255"/>
</kw>
<kw name="Sleep" library="BuiltIn">
<arg>1s</arg>
<doc>Pauses the test executed for the given time.</doc>
<msg timestamp="20231107 17:34:02.256" level="INFO">Slept 1 second</msg>
<status status="PASS" starttime="20231107 17:34:01.256" endtime="20231107 17:34:02.256"/>
</kw>
<kw name="Write Command With SSH" library="resource">
<arg>sys</arg>
<doc>This Keyword is using for write any command on remote machine console with SSh.
It takes One argument 1.Command</doc>
<kw name="Write" library="SSHLibrary">
<arg>${command}</arg>
<doc>Writes the given ``text`` on the remote machine and appends a newline.</doc>
<status status="PASS" starttime="20231107 17:34:02.257" endtime="20231107 17:34:02.257"/>
</kw>
<kw name="Sleep" library="BuiltIn">
<arg>.1s</arg>
<doc>Pauses the test executed for the given time.</doc>
<msg timestamp="20231107 17:34:02.358" level="INFO">Slept 100 milliseconds</msg>
<status status="PASS" starttime="20231107 17:34:02.257" endtime="20231107 17:34:02.358"/>
</kw>
<status status="PASS" starttime="20231107 17:34:02.257" endtime="20231107 17:34:02.358"/>
</kw>
<kw name="Sleep" library="BuiltIn">
<arg>1s</arg>
<doc>Pauses the test executed for the given time.</doc>
<msg timestamp="20231107 17:34:03.359" level="INFO">Slept 1 second</msg>
<status status="PASS" starttime="20231107 17:34:02.358" endtime="20231107 17:34:03.359"/>
</kw>
<kw name="Write Command With SSH" library="resource">
<arg>${SSH_Variables.Modules_Version_Check_Command}</arg>
<doc>This Keyword is using for write any command on remote machine console with SSh.
It takes One argument 1.Command</doc>
<kw name="Write" library="SSHLibrary">
<arg>${command}</arg>
<doc>Writes the given ``text`` on the remote machine and appends a newline.</doc>
<msg timestamp="20231107 17:34:03.363" level="INFO">[1mRetrieving 'Version' information. Please Wait...[m</msg>
<status status="PASS" starttime="20231107 17:34:03.361" endtime="20231107 17:34:03.363"/>
</kw>
<kw name="Sleep" library="BuiltIn">
<arg>.1s</arg>
<doc>Pauses the test executed for the given time.</doc>
<msg timestamp="20231107 17:34:03.464" level="INFO">Slept 100 milliseconds</msg>
<status status="PASS" starttime="20231107 17:34:03.363" endtime="20231107 17:34:03.464"/>
</kw>
<status status="PASS" starttime="20231107 17:34:03.360" endtime="20231107 17:34:03.464"/>
</kw>
<kw name="Log To Console" library="BuiltIn">
<arg>${data}</arg>
<doc>Logs the given message to the console.</doc>
<status status="PASS" starttime="20231107 17:34:03.464" endtime="20231107 17:34:03.465"/>
</kw>
<kw name="Write Command With SSH" library="resource">
<arg>datacomplete</arg>
<doc>This Keyword is using for write any command on remote machine console with SSh.
It takes One argument 1.Command</doc>
<kw name="Write" library="SSHLibrary">
<arg>${command}</arg>
<doc>Writes the given ``text`` on the remote machine and appends a newline.</doc>
<msg timestamp="20231107 17:34:03.467" level="INFO">Request took .042 seconds on Tue Nov  7 07:04:01 EST 2023.[m</msg>
<status status="PASS" starttime="20231107 17:34:03.466" endtime="20231107 17:34:03.467"/>
</kw>
<kw name="Sleep" library="BuiltIn">
<arg>.1s</arg>
<doc>Pauses the test executed for the given time.</doc>
<msg timestamp="20231107 17:34:03.568" level="INFO">Slept 100 milliseconds</msg>
<status status="PASS" starttime="20231107 17:34:03.467" endtime="20231107 17:34:03.568"/>
</kw>
<status status="PASS" starttime="20231107 17:34:03.465" endtime="20231107 17:34:03.568"/>
</kw>
<kw name="Read Until Regexp" library="SSHLibrary">
<var>${data1}</var>
<arg>Invalid command:</arg>
<doc>Consumes and returns the server output until a match to ``regexp`` is found.</doc>
<msg timestamp="20231107 17:34:04.672" level="INFO">[1m   NAME               HOST                   VERSION          MESSAGE                       [m
[m   ----------------   --------------------   --------------   ------------------------------[m
   [mCLI_TOOL           10.30.249.244          23.09.29.1       Command Line Interface Tool   [m
   UI_SERVICE         10.30.249.244:9025     23.09.27.2       UI Service for Netprizm       [m
   [mCCL_SERVICE        localhost:9020         23.09.20.2       CCL Service                   [m
   LMM_SERVICE        localhost:8081         23.2.6.3         LMM Service                   [m
   [mUEM_SERVICE        localhost:9026         23.07.11         UE Mapper service for Netprizm[m
   NAF_SERVICE        localhost:9019         23.09.29         NAF Service for Netprizm      [m
   [mEM_SERVICE         localhost:9028         23.09.29.2       Execution Manager Service for Netprizm[m
      NAF_SERVICE     localhost:9019         23.09.29         NAF Service for Netprizm      [m
   [m   SD_SERVICE      10.30.249.244:9027     23.09.21         Simulation Data service for Netprizm[m
   AM_SERVICE         ab-ams.vzsme.com:9092   23.07.05         Account Management Service for Netprizm[m


$(home)&gt; sys





[1mCommand Line Interface (CLI) for Netprizm (CLI Version: 23.09.29.1)[m

   HOME  |  [1m[4mSYSTEM[m[m  |  NETWORK  | USE CASE  |  UE  |  TRAFFIC

   System Command   | Description
   ---------------- | ---------------------------------------
    h,   help       | Help
    hh,  health     | Get health information
    mem  memory     | Show current shared memory cache usage
    on,  start      | Start all system components
    off, stop       | Stop all system components
    l,   logs       | Available Logs from previous runs
    p,   pcap       | Get Pcap Status
    s,   status     | Get current status information
    v,   version    | Get version information
    q,   quit       | Quit and exit CLI



$(system)&gt; v

[1mRetrieving 'Systems Version' information. Please Wait...[m
Request took .297 seconds on Tue Nov  7 07:04:03 EST 2023.[m

datacomplete
[1m   NUM  NAME               HOST                    CNTLR VERSION  APP VERSION    [m
[m   ---  ----------------   --------------------    -------------- -------------- [m
   [m  1  CU_01              10.30.249.222:9022      23.09.25       02.05.13.1     [m[m
     2  PUBSUB_BROKER      10.30.249.244:9033      23.09.25       v23.9.1.1      [m[m
   [m  3  DU11_RANP_PUBSUB   10.30.249.223:9023      23.09.25       v23.9.1.1      [m[m
     4  DU12_RANP_PUBSUB   10.30.249.224:9023      23.09.25       v23.9.1.1      [m[m
   [m  5  CHV_PUBSUB         10.30.249.244:9031      23.09.25       v23.9.1.1      [m[m
     6  UE_01_UEMP_PUBS…   10.30.249.226:9023      23.09.25       v23.9.1.1      [m[m
   [m  7  UE_02_UEMP_PUBS…   10.30.249.227:9023      23.09.25       v23.9.1.1      [m[m
     8  UE_03_UEMP_PUBS…   10.30.249.228:9023      23.09.25       v23.9.1.1      [m[m
   [m  9  UE_04_UEMP_PUBS…   10.30.249.229:9023      23.09.25       v23.9.1.1      [m[m
    10  UE_05_UEMP_PUBS…   10.30.249.230:9023      23.09.25       v23.9.1.1      [m[m
   [m 11  UE_06_UEMP_PUBS…   10.30.249.231:9023      23.09.25       v23.9.1.1      [m[m
    12  UE_07_UEMP_PUBS…   10.30.249.232:9023      23.09.25       v23.9.1.1      [m[m
   [m 13  UE_08_UEMP_PUBS…   10.30.249.233:9023      23.09.25       v23.9.1.1      [m[m
    14  UE_09_UEMP_PUBS…   10.30.249.234:9023      23.09.25       v23.9.1.1      [m[m
   [m 15  UE_10_UEMP_PUBS…   10.30.249.235:9023      23.09.25       v23.9.1.1      [m[m
    16  UE_11_UEMP_PUBS…   10.30.249.236:9023      23.09.25       v23.9.1.1      [m[m
   [m 17  UE_12_UEMP_PUBS…   10.30.249.237:9023      23.09.25       v23.9.1.1      [m[m
    18  UE_13_UEMP_PUBS…   10.30.249.238:9023      23.09.25       v23.9.1.1      [m[m
   [m 19  UE_14_UEMP_PUBS…   10.30.249.239:9023      23.09.25       v23.9.1.1      [m[m
    20  UE_15_UEMP_PUBS…   10.30.249.240:9023      23.09.25       v23.9.1.1      [m[m
   [m 21  UE_16_UEMP_PUBS…   10.30.249.241:9023      23.09.25       v23.9.1.1      [m[m
    22  UE_01_UEMP_CSM     10.30.249.226:9023      23.09.25       v23.9.1.1      [m[m
   [m 23  UE_02_UEMP_CSM     10.30.249.227:9023      23.09.25       v23.9.1.1      [m[m
    24  UE_03_UEMP_CSM     10.30.249.228:9023      23.09.25       v23.9.1.1      [m[m
   [m 25  UE_04_UEMP_CSM     10.30.249.229:9023      23.09.25       v23.9.1.1      [m[m
    26  UE_05_UEMP_CSM     10.30.249.230:9023      23.09.25       v23.9.1.1      [m[m
   [m 27  UE_06_UEMP_CSM     10.30.249.231:9023      23.09.25       v23.9.1.1      [m[m
    28  UE_07_UEMP_CSM     10.30.249.232:9023      23.09.25       v23.9.1.1      [m[m
   [m 29  UE_08_UEMP_CSM     10.30.249.233:9023      23.09.25       v23.9.1.1      [m[m
    30  UE_09_UEMP_CSM     10.30.249.234:9023      23.09.25       v23.9.1.1      [m[m
   [m 31  UE_10_UEMP_CSM     10.30.249.235:9023      23.09.25       v23.9.1.1      [m[m
    32  UE_11_UEMP_CSM     10.30.249.236:9023      23.09.25       v23.9.1.1      [m[m
   [m 33  UE_12_UEMP_CSM     10.30.249.237:9023      23.09.25       v23.9.1.1      [m[m
    34  UE_13_UEMP_CSM     10.30.249.238:9023      23.09.25       v23.9.1.1      [m[m
   [m 35  UE_14_UEMP_CSM     10.30.249.239:9023      23.09.25       v23.9.1.1      [m[m
    36  UE_15_UEMP_CSM     10.30.249.240:9023      23.09.25       v23.9.1.1      [m[m
   [m 37  UE_16_UEMP_CSM     10.30.249.241:9023      23.09.25       v23.9.1.1      [m[m
    38  CHV_CSM            10.30.249.244:9031      23.09.25       v23.9.1.1      [m[m
   [m 39  DU_11_RANP_CSM     10.30.249.223:9023      23.09.25       v23.9.1.1      [m[m
    40  DU_12_RANP_CSM     10.30.249.224:9023      23.09.25       v23.9.1.1      [m[m
   [m 41  CHV                10.30.249.244:9031      23.09.25       RF_23.9.1.0    [m[m
    42  DU_11_RANP         10.30.249.223:9023      23.09.25       v23.9.1.1      [m[m
   [m 43  DU_12_RANP         10.30.249.224:9023      23.09.25       v23.9.1.1      [m[m
    44  DU_11              10.30.249.223:9021      23.09.25       02.05.13       [m[m
   [m 45  DU_12              10.30.249.224:9021      23.09.25       02.05.13       [m[m
    46  UE_01_UEMP         10.30.249.226:9023      23.09.25       v23.9.1.1      [m[m
   [m 47  UE_02_UEMP         10.30.249.227:9023      23.09.25       v23.9.1.1      [m[m
    48  UE_03_UEMP         10.30.249.228:9023      23.09.25       v23.9.1.1      [m[m
   [m 49  UE_04_UEMP         10.30.249.229:9023      23.09.25       v23.9.1.1      [m[m
    50  UE_05_UEMP         10.30.249.230:9023      23.09.25       v23.9.1.1      [m[m
   [m 51  UE_06_UEMP         10.30.249.231:9023      23.09.25       v23.9.1.1      [m[m
    52  UE_07_UEMP         10.30.249.232:9023      23.09.25       v23.9.1.1      [m[m
   [m 53  UE_08_UEMP         10.30.249.233:9023      23.09.25       v23.9.1.1      [m[m
    54  UE_09_UEMP         10.30.249.234:9023      23.09.25       v23.9.1.1      [m[m
   [m 55  UE_10_UEMP         10.30.249.235:9023      23.09.25       v23.9.1.1      [m[m
    56  UE_11_UEMP         10.30.249.236:9023      23.09.25       v23.9.1.1      [m[m
   [m 57  UE_12_UEMP         10.30.249.237:9023      23.09.25       v23.9.1.1      [m[m
    58  UE_13_UEMP         10.30.249.238:9023      23.09.25       v23.9.1.1      [m[m
   [m 59  UE_14_UEMP         10.30.249.239:9023      23.09.25       v23.9.1.1      [m[m
    60  UE_15_UEMP         10.30.249.240:9023      23.09.25       v23.9.1.1      [m[m
   [m 61  UE_16_UEMP         10.30.249.241:9023      23.09.25       v23.9.1.1      [m[m
    62  UE_01              10.30.249.226:9021      23.09.23.1     04.01.02       [m[m
   [m 63  UE_02              10.30.249.227:9021      23.09.23.1     04.01.02       [m[m
    64  UE_03              10.30.249.228:9021      23.09.23.1     04.01.02       [m[m
   [m 65  UE_04              10.30.249.229:9021      23.09.23.1     04.01.02       [m[m
    66  UE_05              10.30.249.230:9021      23.09.23.1     04.01.02       [m[m
   [m 67  UE_06              10.30.249.231:9021      23.09.23.1     04.01.02       [m[m
    68  UE_07              10.30.249.232:9021      23.09.23.1     04.01.02       [m[m
   [m 69  UE_08              10.30.249.233:9021      23.09.23.1     04.01.02       [m[m
    70  UE_09              10.30.249.234:9021      23.09.23.1     04.01.02       [m[m
   [m 71  UE_10              10.30.249.235:9021      23.09.23.1     04.01.03       [m[m
    72  UE_11              10.30.249.236:9021      23.09.23.1     04.01.02       [m[m
   [m 73  UE_12              10.30.249.237:9021      23.09.23.1     04.01.02       [m[m
    74  UE_13              10.30.249.238:9021      23.09.23.1     04.01.02       [m[m
   [m 75  UE_14              10.30.249.239:9021      23.09.23.1     04.01.02       [m[m
    76  UE_15              10.30.249.240:9021      23.09.23.1     04.01.02       [m[m
   [m 77  UE_16              10.30.249.241:9021      23.09.23.1     04.01.02       [m[m
    78  VATEST             10.30.249.244:9031      23.09.25       RF_23.9.1.0    [m[m



$(system)&gt; datacomplete

[1mInvalid command:</msg>
<msg timestamp="20231107 17:34:04.673" level="INFO">${data1} = 
[1m   NAME               HOST                   VERSION          MESSAGE                       [m
[m   ----------------   --------------------   --------------   ------------------------------...</msg>
<status status="PASS" starttime="20231107 17:34:03.569" endtime="20231107 17:34:04.673"/>
</kw>
<kw name="Create File" library="OperatingSystem">
<arg>${clilogfile}</arg>
<arg>${data1}</arg>
<arg>encoding=UTF-8</arg>
<doc>Creates a file with the given content and encoding.</doc>
<msg timestamp="20231107 17:34:04.673" level="INFO" html="true">Created file '&lt;a href="file:///home/amantya/Videos/athena/Version_Comparison/ModulesVersionCompForEnvs/qa2extractVersionsInput.txt"&gt;/home/amantya/Videos/athena/Version_Comparison/ModulesVersionCompForEnvs/qa2extractVersionsInput.txt&lt;/a&gt;'.</msg>
<status status="PASS" starttime="20231107 17:34:04.673" endtime="20231107 17:34:04.673"/>
</kw>
<kw name="Close All Connections" library="SSHLibrary">
<doc>Closes all open connections.</doc>
<status status="PASS" starttime="20231107 17:34:04.673" endtime="20231107 17:34:04.673"/>
</kw>
<kw name="Sleep" library="BuiltIn">
<arg>1s</arg>
<doc>Pauses the test executed for the given time.</doc>
<msg timestamp="20231107 17:34:05.674" level="INFO">Slept 1 second</msg>
<status status="PASS" starttime="20231107 17:34:04.674" endtime="20231107 17:34:05.674"/>
</kw>
<status status="PASS" starttime="20231107 17:33:45.218" endtime="20231107 17:34:05.674"/>
</kw>
<kw name="Core Version" library="resource">
<var>${Core_data}</var>
<arg>${Core_IP}</arg>
<arg>${Password}</arg>
<arg>${User_Name}</arg>
<arg>${Env}</arg>
<kw name="Sleep" library="BuiltIn">
<arg>2s</arg>
<doc>Pauses the test executed for the given time.</doc>
<msg timestamp="20231107 17:34:07.676" level="INFO">Slept 2 seconds</msg>
<status status="PASS" starttime="20231107 17:34:05.676" endtime="20231107 17:34:07.676"/>
</kw>
<kw name="ssh login" library="resource">
<arg>${Core_IP}</arg>
<arg>${Core_Password}</arg>
<arg>${User_Name}</arg>
<doc>This keyword takes three arguments Server Ip, UserName, Password. This is Used for login remote machine with SSH.</doc>
<kw name="Open Connection" library="SSHLibrary">
<arg>${server_ip1}</arg>
<doc>Opens a new SSH connection to the given ``host`` and ``port``.</doc>
<status status="PASS" starttime="20231107 17:34:07.678" endtime="20231107 17:34:07.678"/>
</kw>
<kw name="Login" library="SSHLibrary">
<arg>${UserName1}</arg>
<arg>${Password1}</arg>
<arg>allow_agent=False</arg>
<arg>look_for_keys=False</arg>
<doc>Logs into the SSH server with the given ``username`` and ``password``.</doc>
<msg timestamp="20231107 17:34:07.679" level="INFO">Logging into '10.30.249.221:22' as 'vzqa'.</msg>
<msg timestamp="20231107 17:34:15.202" level="INFO">Read output: Welcome to Ubuntu 18.04.6 LTS (GNU/Linux 5.4.0-81-lowlatency x86_64)

 * Documentation:  https://help.ubuntu.com
 * Management:     https://landscape.canonical.com
 * Support:        https://ubuntu.com/advantage

  System information as of Tue Nov  7 07:04:12 EST 2023

  System load:  1.17             Users logged in:        0
  Usage of /:   5.3% of 1.72TB   IP address for eno5:    10.30.249.221
  Memory usage: 8%               IP address for docker0: 172.22.0.1
  Swap usage:   0%               IP address for tunl0:   192.168.240.0
  Processes:    1487

 * Strictly confined Kubernetes makes edge and IoT secure. Learn how MicroK8s
   just raised the bar for easy, resilient and secure K8s cluster deployment.

   https://ubuntu.com/engage/secure-kubernetes-at-the-edge

Expanded Security Maintenance for Infrastructure is not enabled.

56 updates can be applied immediately.
33 of these updates are standard security updates.
To see these additional updates run: apt list --upgradable

97 additional security updates can be applied with ESM Infra.
Learn more about enabling ESM Infra service for Ubuntu 18.04 at
https://ubuntu.com/18-04


Last login: Thu Nov  2 05:56:27 2023 from 10.20.251.171
vzqa@as-dl360-r13-01:~$</msg>
<status status="PASS" starttime="20231107 17:34:07.678" endtime="20231107 17:34:15.202"/>
</kw>
<kw name="Set Client Configuration" library="SSHLibrary">
<arg>timeout=2 min</arg>
<doc>Update the `configuration` of the current connection.</doc>
<status status="PASS" starttime="20231107 17:34:15.203" endtime="20231107 17:34:15.203"/>
</kw>
<status status="PASS" starttime="20231107 17:34:07.677" endtime="20231107 17:34:15.203"/>
</kw>
<kw name="Sleep" library="BuiltIn">
<arg>.3</arg>
<doc>Pauses the test executed for the given time.</doc>
<msg timestamp="20231107 17:34:15.504" level="INFO">Slept 300 milliseconds</msg>
<status status="PASS" starttime="20231107 17:34:15.203" endtime="20231107 17:34:15.504"/>
</kw>
<kw name="Login As User In ssh" library="resource">
<arg>${Core_SSH_Variables.Command_For_ChangeUser}</arg>
<arg>${User_Name}</arg>
<arg>${Core_Password}</arg>
<doc>With the help of this keyword  we login remote machine as user like root , vzqa etc. after this its validate the user also after login.
It takes two arguments 1.UserName, 2. Command for validate user</doc>
<kw name="Write Command With SSH" library="resource">
<arg>${command for enter as user}</arg>
<doc>This Keyword is using for write any command on remote machine console with SSh.
It takes One argument 1.Command</doc>
<kw name="Write" library="SSHLibrary">
<arg>${command}</arg>
<doc>Writes the given ``text`` on the remote machine and appends a newline.</doc>
<msg timestamp="20231107 17:34:15.947" level="INFO">sudo -i</msg>
<status status="PASS" starttime="20231107 17:34:15.507" endtime="20231107 17:34:15.947"/>
</kw>
<kw name="Sleep" library="BuiltIn">
<arg>.1s</arg>
<doc>Pauses the test executed for the given time.</doc>
<msg timestamp="20231107 17:34:16.047" level="INFO">Slept 100 milliseconds</msg>
<status status="PASS" starttime="20231107 17:34:15.947" endtime="20231107 17:34:16.048"/>
</kw>
<status status="PASS" starttime="20231107 17:34:15.506" endtime="20231107 17:34:16.048"/>
</kw>
<kw name="Log To Console" library="BuiltIn">
<arg>${command for enter as user}</arg>
<doc>Logs the given message to the console.</doc>
<status status="PASS" starttime="20231107 17:34:16.048" endtime="20231107 17:34:16.049"/>
</kw>
<kw name="Read Output Of Command with SSH" library="resource">
<var>${userdata}</var>
<doc>This Keyword is using for read the any command output or console log of remote machine with SSH.</doc>
<kw name="Read" library="SSHLibrary">
<var>${output}</var>
<arg>delay=.2s</arg>
<doc>Consumes and returns everything available on the server output.</doc>
<msg timestamp="20231107 17:34:16.250" level="INFO">root@as-dl360-r13-01:~#</msg>
<msg timestamp="20231107 17:34:16.251" level="INFO">${output} = root@as-dl360-r13-01:~# </msg>
<status status="PASS" starttime="20231107 17:34:16.049" endtime="20231107 17:34:16.251"/>
</kw>
<msg timestamp="20231107 17:34:16.251" level="INFO">${userdata} = root@as-dl360-r13-01:~# </msg>
<status status="PASS" starttime="20231107 17:34:16.049" endtime="20231107 17:34:16.251"/>
</kw>
<kw name="Log To Console" library="BuiltIn">
<arg>${userdata}</arg>
<doc>Logs the given message to the console.</doc>
<status status="PASS" starttime="20231107 17:34:16.251" endtime="20231107 17:34:16.252"/>
</kw>
<kw name="Set Variable" library="BuiltIn">
<var>${userdata1}</var>
<arg>${userdata}</arg>
<doc>Returns the given values which can then be assigned to a variables.</doc>
<msg timestamp="20231107 17:34:16.252" level="INFO">${userdata1} = root@as-dl360-r13-01:~# </msg>
<status status="PASS" starttime="20231107 17:34:16.252" endtime="20231107 17:34:16.252"/>
</kw>
<kw name="Run Keyword And Return Status" library="BuiltIn">
<var>${ad}</var>
<arg>Should Contain</arg>
<arg>${userdata1}</arg>
<arg>Password:</arg>
<doc>Runs the given keyword with given arguments and returns the status as a Boolean value.</doc>
<kw name="Should Contain" library="BuiltIn">
<arg>${userdata1}</arg>
<arg>Password:</arg>
<doc>Fails if ``container`` does not contain ``item`` one or more times.</doc>
<msg timestamp="20231107 17:34:16.253" level="FAIL">'root@as-dl360-r13-01:~# ' does not contain 'Password:'</msg>
<status status="FAIL" starttime="20231107 17:34:16.253" endtime="20231107 17:34:16.254"/>
</kw>
<msg timestamp="20231107 17:34:16.254" level="INFO">${ad} = False</msg>
<status status="PASS" starttime="20231107 17:34:16.253" endtime="20231107 17:34:16.254"/>
</kw>
<if>
<branch type="IF" condition="$ad">
<kw name="Write Command With SSH" library="resource">
<arg>${Password}</arg>
<doc>This Keyword is using for write any command on remote machine console with SSh.
It takes One argument 1.Command</doc>
<status status="NOT RUN" starttime="20231107 17:34:16.257" endtime="20231107 17:34:16.257"/>
</kw>
<status status="NOT RUN" starttime="20231107 17:34:16.254" endtime="20231107 17:34:16.257"/>
</branch>
<status status="PASS" starttime="20231107 17:34:16.254" endtime="20231107 17:34:16.257"/>
</if>
<status status="PASS" starttime="20231107 17:34:15.504" endtime="20231107 17:34:16.257"/>
</kw>
<kw name="Write Command With SSH" library="resource">
<arg>cd cluster</arg>
<doc>This Keyword is using for write any command on remote machine console with SSh.
It takes One argument 1.Command</doc>
<kw name="Write" library="SSHLibrary">
<arg>${command}</arg>
<doc>Writes the given ``text`` on the remote machine and appends a newline.</doc>
<msg timestamp="20231107 17:34:16.498" level="INFO">cd cluster</msg>
<status status="PASS" starttime="20231107 17:34:16.258" endtime="20231107 17:34:16.498"/>
</kw>
<kw name="Sleep" library="BuiltIn">
<arg>.1s</arg>
<doc>Pauses the test executed for the given time.</doc>
<msg timestamp="20231107 17:34:16.599" level="INFO">Slept 100 milliseconds</msg>
<status status="PASS" starttime="20231107 17:34:16.498" endtime="20231107 17:34:16.599"/>
</kw>
<status status="PASS" starttime="20231107 17:34:16.258" endtime="20231107 17:34:16.599"/>
</kw>
<kw name="Catenate" library="BuiltIn">
<var>${podsourcecommand}</var>
<arg>SEPARATOR=</arg>
<arg>source np2-</arg>
<arg>${Env}</arg>
<arg>.sh</arg>
<doc>Catenates the given items together and returns the resulted string.</doc>
<msg timestamp="20231107 17:34:16.600" level="INFO">${podsourcecommand} = source np2-qa2.sh</msg>
<status status="PASS" starttime="20231107 17:34:16.599" endtime="20231107 17:34:16.600"/>
</kw>
<kw name="Write Command With SSH" library="resource">
<arg>${podsourcecommand}</arg>
<doc>This Keyword is using for write any command on remote machine console with SSh.
It takes One argument 1.Command</doc>
<kw name="Write" library="SSHLibrary">
<arg>${command}</arg>
<doc>Writes the given ``text`` on the remote machine and appends a newline.</doc>
<msg timestamp="20231107 17:34:17.157" level="INFO">root@as-dl360-r13-01:~/cluster# source np2-qa2.sh</msg>
<status status="PASS" starttime="20231107 17:34:16.601" endtime="20231107 17:34:17.157"/>
</kw>
<kw name="Sleep" library="BuiltIn">
<arg>.1s</arg>
<doc>Pauses the test executed for the given time.</doc>
<msg timestamp="20231107 17:34:17.257" level="INFO">Slept 100 milliseconds</msg>
<status status="PASS" starttime="20231107 17:34:17.157" endtime="20231107 17:34:17.257"/>
</kw>
<status status="PASS" starttime="20231107 17:34:16.600" endtime="20231107 17:34:17.257"/>
</kw>
<kw name="Catenate" library="BuiltIn">
<var>${podcommand}</var>
<arg>SEPARATOR=</arg>
<arg>kubectl describe pods -n np2-</arg>
<arg>${Env}</arg>
<doc>Catenates the given items together and returns the resulted string.</doc>
<msg timestamp="20231107 17:34:17.258" level="INFO">${podcommand} = kubectl describe pods -n np2-qa2</msg>
<status status="PASS" starttime="20231107 17:34:17.258" endtime="20231107 17:34:17.258"/>
</kw>
<kw name="Write Command With SSH" library="resource">
<arg>${podcommand}</arg>
<doc>This Keyword is using for write any command on remote machine console with SSh.
It takes One argument 1.Command</doc>
<kw name="Write" library="SSHLibrary">
<arg>${command}</arg>
<doc>Writes the given ``text`` on the remote machine and appends a newline.</doc>
<msg timestamp="20231107 17:34:17.260" level="INFO">Switched to context "np2-qa2".</msg>
<status status="PASS" starttime="20231107 17:34:17.259" endtime="20231107 17:34:17.260"/>
</kw>
<kw name="Sleep" library="BuiltIn">
<arg>.1s</arg>
<doc>Pauses the test executed for the given time.</doc>
<msg timestamp="20231107 17:34:17.361" level="INFO">Slept 100 milliseconds</msg>
<status status="PASS" starttime="20231107 17:34:17.260" endtime="20231107 17:34:17.361"/>
</kw>
<status status="PASS" starttime="20231107 17:34:17.258" endtime="20231107 17:34:17.361"/>
</kw>
<kw name="Read" library="SSHLibrary">
<var>${podslog}</var>
<arg>delay=4s</arg>
<doc>Consumes and returns everything available on the server output.</doc>
<msg timestamp="20231107 17:34:29.372" level="INFO">root@as-dl360-r13-01:~/cluster# kubectl describe pods -n np2-qa2
Name:             np2-qa2-helm-af-64764cff78-gbpxm
Namespace:        np2-qa2
Priority:         0
Service Account:  default
Node:             as-dl360-r13-01.netprizm.local/10.30.249.221
Start Time:       Wed, 01 Nov 2023 17:14:31 -0400
Labels:           app.kubernetes.io/instance=np2-qa2
                  app.kubernetes.io/name=helm-af
                  pod-template-hash=64764cff78
Annotations:      cni.projectcalico.org/containerID: 40c8a541b278837f242433e1f2496dc8620848d9769eb7036a8c81c4060559c0
                  cni.projectcalico.org/podIP: 192.168.240.31/32
                  cni.projectcalico.org/podIPs: 192.168.240.31/32
                  kubectl.kubernetes.io/restartedAt: 2023-10-20T14:39:55-04:00
Status:           Running
IP:               192.168.240.31
IPs:
  IP:           192.168.240.31
Controlled By:  ReplicaSet/np2-qa2-helm-af-64764cff78
Containers:
  af-chart:
    Container ID:  docker://e81ed97e4af9d8edccee9d23c1eabb7e5bed542a06c3bcd2118c10d44035e8ea
    Image:         registry.vzsme.com:5050/sfdevops/network/5g/core/amantya/ops-helm/af:23.2.6.1
    Image ID:      docker-pullable://registry.vzsme.com:5050/sfdevops/network/5g/core/amantya/ops-helm/af@sha256:8d165883b9f546265580b29204ceb188f5b0fb158b5fdbfb3c81bb059afbc63e
    Port:          8035/TCP
    Host Port:     0/TCP
    Command:
      bash
    Args:
      -c
      ./start_af.sh; echo af TERMINATED. WILL RESTART IN 10 hours. Start debugging; sleep 10h;
    State:          Running
      Started:      Wed, 01 Nov 2023 17:14:32 -0400
    Ready:          True
    Restart Count:  0
    Environment:    &lt;none&gt;
    Mounts:
      /app/config from config-volume (rw)
      /app/logs/ from af-pv-logs (rw)
      /var/run/secrets/kubernetes.io/serviceaccount from kube-api-access-6vgfg (ro)
Conditions:
  Type              Status
  Initialized       True 
  Ready             True 
  ContainersReady   True 
  PodScheduled      True 
Volumes:
  config-volume:
    Type:      ConfigMap (a volume populated by a ConfigMap)
    Name:      af-configmap
    Optional:  false
  af-pv-logs:
    Type:       PersistentVolumeClaim (a reference to a PersistentVolumeClaim in the same namespace)
    ClaimName:  af-pv-claim
    ReadOnly:   false
  kube-api-access-6vgfg:
    Type:                    Projected (a volume that contains injected data from multiple sources)
    TokenExpirationSeconds:  3607
    ConfigMapName:           kube-root-ca.crt
    ConfigMapOptional:       &lt;nil&gt;
    DownwardAPI:             true
QoS Class:                   BestEffort
Node-Selectors:              kubernetes.io/hostname=as-dl360-r13-01.netprizm.local
Tolerations:                 node.kubernetes.io/not-ready:NoExecute op=Exists for 300s
                             node.kubernetes.io/unreachable:NoExecute op=Exists for 300s
Events:                      &lt;none&gt;


Name:             np2-qa2-helm-amf-7765fd49d9-m2xcg
Namespace:        np2-qa2
Priority:         0
Service Account:  default
Node:             as-dl360-r13-01.netprizm.local/10.30.249.221
Start Time:       Wed, 01 Nov 2023 17:14:31 -0400
Labels:           app.kubernetes.io/instance=np2-qa2
                  app.kubernetes.io/name=helm-amf
                  pod-template-hash=7765fd49d9
Annotations:      cni.projectcalico.org/containerID: 1d28de449378d62577a1c474016a1f745c5ad4b7e2a6be53b88f4482526b3b2d
                  cni.projectcalico.org/podIP: 192.168.240.10/32
                  cni.projectcalico.org/podIPs: 192.168.240.10/32
                  kubectl.kubernetes.io/restartedAt: 2023-10-20T14:39:55-04:00
Status:           Running
IP:               192.168.240.10
IPs:
  IP:           192.168.240.10
Controlled By:  ReplicaSet/np2-qa2-helm-amf-7765fd49d9
Containers:
  amf-chart:
    Container ID:  docker://00e63c318869017b3652df3fd77dfc8f2642b16e5364d3c9a94503a0a7da1deb
    Image:         registry.vzsme.com:5050/sfdevops/network/5g/core/amantya/ops-helm/amf:23.2.6.1
    Image ID:      docker-pullable://registry.vzsme.com:5050/sfdevops/network/5g/core/amantya/ops-helm/amf@sha256:95512263d4ac18f3eef0340f1ca9e8216a3c85950a6457e2767aa4b2160e8041
    Port:          29518/TCP
    Host Port:     0/TCP
    Command:
      bash
    Args:
      -c
      ./start_amf.sh; echo amf TERMINATED. WILL RESTART IN 10 hours. Start debugging; sleep 10h;
    State:          Running
      Started:      Wed, 01 Nov 2023 17:14:32 -0400
    Ready:          True
    Restart Count:  0
    Environment:    &lt;none&gt;
    Mounts:
      /app/config from config-volume (rw)
      /app/log/ from amf-pv-logs (rw)
      /var/run/secrets/kubernetes.io/serviceaccount from kube-api-access-l6pff (ro)
Conditions:
  Type              Status
  Initialized       True 
  Ready             True 
  ContainersReady   True 
  PodScheduled      True 
Volumes:
  config-volume:
    Type:      ConfigMap (a volume populated by a ConfigMap)
    Name:      amf-configmap
    Optional:  false
  amf-pv-logs:
    Type:       PersistentVolumeClaim (a reference to a PersistentVolumeClaim in the same namespace)
    ClaimName:  amf-pv-claim
    ReadOnly:   false
  kube-api-access-l6pff:
    Type:                    Projected (a volume that contains injected data from multiple sources)
    TokenExpirationSeconds:  3607
    ConfigMapName:           kube-root-ca.crt
    ConfigMapOptional:       &lt;nil&gt;
    DownwardAPI:             true
QoS Class:                   BestEffort
Node-Selectors:              kubernetes.io/hostname=as-dl360-r13-01.netprizm.local
Tolerations:                 node.kubernetes.io/not-ready:NoExecute op=Exists for 300s
                             node.kubernetes.io/unreachable:NoExecute op=Exists for 300s
Events:                      &lt;none&gt;


Name:             np2-qa2-helm-ausf-6d6dc5c4fc-r6qzz
Namespace:        np2-qa2
Priority:         0
Service Account:  default
Node:             as-dl360-r13-01.netprizm.local/10.30.249.221
Start Time:       Wed, 01 Nov 2023 17:14:31 -0400
Labels:           app.kubernetes.io/instance=np2-qa2
                  app.kubernetes.io/name=helm-ausf
                  pod-template-hash=6d6dc5c4fc
Annotations:      cni.projectcalico.org/containerID: 2cb0e9b12cd2393d483186f2c1b9674c26d7ee174df6e8332a2697e52a49818b
                  cni.projectcalico.org/podIP: 192.168.240.26/32
                  cni.projectcalico.org/podIPs: 192.168.240.26/32
                  kubectl.kubernetes.io/restartedAt: 2023-10-20T14:39:55-04:00
Status:           Running
IP:               192.168.240.26
IPs:
  IP:           192.168.240.26
Controlled By:  ReplicaSet/np2-qa2-helm-ausf-6d6dc5c4fc
Init Containers:
  init-postgres:
    Container ID:  docker://5ef25d2a14cde20560acb3304cbddf74412ddbe9411d861dc641f94ca35fc2ad
    Image:         registry.vzsme.com:5050/sfdevops/network/5g/core/amantya/ops-helm/ausf:23.2.6.1
    Image ID:      docker-pullable://registry.vzsme.com:5050/sfdevops/network/5g/core/amantya/ops-helm/ausf@sha256:5d2d61ab18a548a909ff37f8cec61da9dcdb9aeded079a0db9052e9bbb146b8d
    Port:          &lt;none&gt;
    Host Port:     &lt;none&gt;
    Command:
      bash
    Args:
      -c
      until pg_isready -h postgres-service -p 5432;do echo waiting for database; sleep 1; done;
    State:          Terminated
      Reason:       Completed
      Exit Code:    0
      Started:      Wed, 01 Nov 2023 17:14:32 -0400
      Finished:     Wed, 01 Nov 2023 17:15:14 -0400
    Ready:          True
    Restart Count:  0
    Environment:    &lt;none&gt;
    Mounts:
      /var/run/secrets/kubernetes.io/serviceaccount from kube-api-access-qdpqt (ro)
Containers:
  ausf-chart:
    Container ID:  docker://1d66f53fdf6101172190b70060619cd10c3c4148a1b1c6159b4c6e88fa12238d
    Image:         registry.vzsme.com:5050/sfdevops/network/5g/core/amantya/ops-helm/ausf:23.2.6.1
    Image ID:      docker-pullable://registry.vzsme.com:5050/sfdevops/network/5g/core/amantya/ops-helm/ausf@sha256:5d2d61ab18a548a909ff37f8cec61da9dcdb9aeded079a0db9052e9bbb146b8d
    Port:          8000/TCP
    Host Port:     0/TCP
    Command:
      bash
    Args:
      -c
      ./start_ausf.sh; echo ausf TERMINATED. WILL RESTART IN 10 hours. Start debugging; sleep 10h;
    State:          Running
      Started:      Wed, 01 Nov 2023 17:15:15 -0400
    Ready:          True
    Restart Count:  0
    Environment:    &lt;none&gt;
    Mounts:
      /app/config from config-volume (rw)
      /app/logs/ from ausf-pv-logs (rw)
      /var/run/secrets/kubernetes.io/serviceaccount from kube-api-access-qdpqt (ro)
Conditions:
  Type              Status
  Initialized       True 
  Ready             True 
  ContainersReady   True 
  PodScheduled      True 
Volumes:
  config-volume:
    Type:      ConfigMap (a volume populated by a ConfigMap)
    Name:      ausf-configmap
    Optional:  false
  ausf-pv-logs:
    Type:       PersistentVolumeClaim (a reference to a PersistentVolumeClaim in the same namespace)
    ClaimName:  ausf-pv-claim
    ReadOnly:   false
  kube-api-access-qdpqt:
    Type:                    Projected (a volume that contains injected data from multiple sources)
    TokenExpirationSeconds:  3607
    ConfigMapName:           kube-root-ca.crt
    ConfigMapOptional:       &lt;nil&gt;
    DownwardAPI:             true
QoS Class:                   BestEffort
Node-Selectors:              kubernetes.io/hostname=as-dl360-r13-01.netprizm.local
Tolerations:                 node.kubernetes.io/not-ready:NoExecute op=Exists for 300s
                             node.kubernetes.io/unreachable:NoExecute op=Exists for 300s
Events:                      &lt;none&gt;


Name:             np2-qa2-helm-bsf-799894c5-xjntt
Namespace:        np2-qa2
Priority:         0
Service Account:  default
Node:             as-dl360-r13-01.netprizm.local/10.30.249.221
Start Time:       Wed, 01 Nov 2023 17:14:31 -0400
Labels:           app.kubernetes.io/instance=np2-qa2
                  app.kubernetes.io/name=helm-bsf
                  pod-template-hash=799894c5
Annotations:      cni.projectcalico.org/containerID: 0bc5627132670df6085ce5b948ac315be71661475e66ddef3c481e17409fcb47
                  cni.projectcalico.org/podIP: 192.168.240.7/32
                  cni.projectcalico.org/podIPs: 192.168.240.7/32
                  kubectl.kubernetes.io/restartedAt: 2023-10-20T14:39:55-04:00
Status:           Running
IP:               192.168.240.7
IPs:
  IP:           192.168.240.7
Controlled By:  ReplicaSet/np2-qa2-helm-bsf-799894c5
Init Containers:
  init-postgres:
    Container ID:  docker://362edd337da39716d05093c6b307515b323dc649a7f1cc289bb050446279da12
    Image:         registry.vzsme.com:5050/sfdevops/network/5g/core/amantya/ops-helm/bsf:23.2.6.1
    Image ID:      docker-pullable://registry.vzsme.com:5050/sfdevops/network/5g/core/amantya/ops-helm/bsf@sha256:0187142e3ec679fb4b97b70f17c79bf3420f3720735fecb62101d7089bf03938
    Port:          &lt;none&gt;
    Host Port:     &lt;none&gt;
    Command:
      bash
    Args:
      -c
      until pg_isready -h postgres-service -p 5432;do echo waiting for database; sleep 1; done;
    State:          Terminated
      Reason:       Completed
      Exit Code:    0
      Started:      Wed, 01 Nov 2023 17:14:31 -0400
      Finished:     Wed, 01 Nov 2023 17:15:13 -0400
    Ready:          True
    Restart Count:  0
    Environment:    &lt;none&gt;
    Mounts:
      /var/run/secrets/kubernetes.io/serviceaccount from kube-api-access-9mjfm (ro)
Containers:
  bsf-chart:
    Container ID:  docker://138de3fd64ebc4b9271f348dff9acd6306f7421d42c134e0a7c57521395c3522
    Image:         registry.vzsme.com:5050/sfdevops/network/5g/core/amantya/ops-helm/bsf:23.2.6.1
    Image ID:      docker-pullable://registry.vzsme.com:5050/sfdevops/network/5g/core/amantya/ops-helm/bsf@sha256:0187142e3ec679fb4b97b70f17c79bf3420f3720735fecb62101d7089bf03938
    Port:          11000/TCP
    Host Port:     0/TCP
    Command:
      bash
    Args:
      -c
      ./start_bsf.sh; echo bsf TERMINATED. WILL RESTART IN 10 hours. Start debugging; sleep 10h;
    State:          Running
      Started:      Wed, 01 Nov 2023 17:15:14 -0400
    Ready:          True
    Restart Count:  0
    Environment:    &lt;none&gt;
    Mounts:
      /app/config from config-volume (rw)
      /app/logs/ from bsf-pv-logs (rw)
      /var/run/secrets/kubernetes.io/serviceaccount from kube-api-access-9mjfm (ro)
Conditions:
  Type              Status
  Initialized       True 
  Ready             True 
  ContainersReady   True 
  PodScheduled      True 
Volumes:
  config-volume:
    Type:      ConfigMap (a volume populated by a ConfigMap)
    Name:      bsf-configmap
    Optional:  false
  bsf-pv-logs:
    Type:       PersistentVolumeClaim (a reference to a PersistentVolumeClaim in the same namespace)
    ClaimName:  bsf-pv-claim
    ReadOnly:   false
  kube-api-access-9mjfm:
    Type:                    Projected (a volume that contains injected data from multiple sources)
    TokenExpirationSeconds:  3607
    ConfigMapName:           kube-root-ca.crt
    ConfigMapOptional:       &lt;nil&gt;
    DownwardAPI:             true
QoS Class:                   BestEffort
Node-Selectors:              kubernetes.io/hostname=as-dl360-r13-01.netprizm.local
Tolerations:                 node.kubernetes.io/not-ready:NoExecute op=Exists for 300s
                             node.kubernetes.io/unreachable:NoExecute op=Exists for 300s
Events:                      &lt;none&gt;


Name:             np2-qa2-helm-nef-59978dd745-6p4tk
Namespace:        np2-qa2
Priority:         0
Service Account:  default
Node:             as-dl360-r13-01.netprizm.local/10.30.249.221
Start Time:       Wed, 01 Nov 2023 17:14:31 -0400
Labels:           app.kubernetes.io/instance=np2-qa2
                  app.kubernetes.io/name=helm-nef
                  pod-template-hash=59978dd745
Annotations:      cni.projectcalico.org/containerID: 26b2bdb35b3711feeecbe48cc4cd65381325b875b5d0593268f07693cc8d9cf4
                  cni.projectcalico.org/podIP: 192.168.240.8/32
                  cni.projectcalico.org/podIPs: 192.168.240.8/32
                  kubectl.kubernetes.io/restartedAt: 2023-10-20T14:39:55-04:00
Status:           Running
IP:               192.168.240.8
IPs:
  IP:           192.168.240.8
Controlled By:  ReplicaSet/np2-qa2-helm-nef-59978dd745
Containers:
  nef-chart:
    Container ID:  docker://85883bf8cc54491ddb6284c347fbfefec45b4bb51986b05d738e569a2ec6196c
    Image:         registry.vzsme.com:5050/sfdevops/network/5g/core/amantya/ops-helm/nef:23.2.6.1
    Image ID:      docker-pullable://registry.vzsme.com:5050/sfdevops/network/5g/core/amantya/ops-helm/nef@sha256:296c084777712c5c13354ad44f69fd4e85f47c9a354c79d8d431da5a8f6f099f
    Port:          10000/TCP
    Host Port:     0/TCP
    Command:
      bash
    Args:
      -c
      ./start_nef.sh; echo nef TERMINATED. WILL RESTART IN 10 hours. Start debugging; sleep 10h;
    State:          Running
      Started:      Wed, 01 Nov 2023 17:14:32 -0400
    Ready:          True
    Restart Count:  0
    Environment:    &lt;none&gt;
    Mounts:
      /app/config from config-volume (rw)
      /app/logs/ from nef-pv-logs (rw)
      /var/run/secrets/kubernetes.io/serviceaccount from kube-api-access-qzwhx (ro)
Conditions:
  Type              Status
  Initialized       True 
  Ready             True 
  ContainersReady   True 
  PodScheduled      True 
Volumes:
  config-volume:
    Type:      ConfigMap (a volume populated by a ConfigMap)
    Name:      nef-configmap
    Optional:  false
  nef-pv-logs:
    Type:       PersistentVolumeClaim (a reference to a PersistentVolumeClaim in the same namespace)
    ClaimName:  nef-pv-claim
    ReadOnly:   false
  kube-api-access-qzwhx:
    Type:                    Projected (a volume that contains injected data from multiple sources)
    TokenExpirationSeconds:  3607
    ConfigMapName:           kube-root-ca.crt
    ConfigMapOptional:       &lt;nil&gt;
    DownwardAPI:             true
QoS Class:                   BestEffort
Node-Selectors:              kubernetes.io/hostname=as-dl360-r13-01.netprizm.local
Tolerations:                 node.kubernetes.io/not-ready:NoExecute op=Exists for 300s
                             node.kubernetes.io/unreachable:NoExecute op=Exists for 300s
Events:                      &lt;none&gt;


Name:             np2-qa2-helm-nrf-5588c65897-pq4gj
Namespace:        np2-qa2
Priority:         0
Service Account:  default
Node:             as-dl360-r13-01.netprizm.local/10.30.249.221
Start Time:       Wed, 01 Nov 2023 17:14:31 -0400
Labels:           app.kubernetes.io/instance=np2-qa2
                  app.kubernetes.io/name=helm-nrf
                  pod-template-hash=5588c65897
Annotations:      cni.projectcalico.org/containerID: a26640e5fd2ce18b8b809a1c114922e046d5eb7b34a558d3f65a07812af6bb8a
                  cni.projectcalico.org/podIP: 192.168.240.39/32
                  cni.projectcalico.org/podIPs: 192.168.240.39/32
                  kubectl.kubernetes.io/restartedAt: 2023-10-20T14:39:55-04:00
Status:           Running
IP:               192.168.240.39
IPs:
  IP:           192.168.240.39
Controlled By:  ReplicaSet/np2-qa2-helm-nrf-5588c65897
Init Containers:
  init-postgres:
    Container ID:  docker://861ba6b8fb182fc8cc3b578cff5245e6792408b13a6491451a01ec295ebfb05f
    Image:         registry.vzsme.com:5050/sfdevops/network/5g/core/amantya/ops-helm/nrf:23.2.6.1
    Image ID:      docker-pullable://registry.vzsme.com:5050/sfdevops/network/5g/core/amantya/ops-helm/nrf@sha256:3a842d17256f894c17a881b3df18533e669a9053b0da18682cc31cf9c0eaadfd
    Port:          &lt;none&gt;
    Host Port:     &lt;none&gt;
    Command:
      bash
    Args:
      -c
      until pg_isready -h postgres-service -p 5432;do echo waiting for database; sleep 1; done;
    State:          Terminated
      Reason:       Completed
      Exit Code:    0
      Started:      Wed, 01 Nov 2023 17:14:32 -0400
      Finished:     Wed, 01 Nov 2023 17:15:14 -0400
    Ready:          True
    Restart Count:  0
    Environment:    &lt;none&gt;
    Mounts:
      /var/run/secrets/kubernetes.io/serviceaccount from kube-api-access-j4m7p (ro)
Containers:
  nrf-chart:
    Container ID:  docker://183f4b4538ad38149aec6b976e82978952de227fd87e694eb4a9c134233ef660
    Image:         registry.vzsme.com:5050/sfdevops/network/5g/core/amantya/ops-helm/nrf:23.2.6.1
    Image ID:      docker-pullable://registry.vzsme.com:5050/sfdevops/network/5g/core/amantya/ops-helm/nrf@sha256:3a842d17256f894c17a881b3df18533e669a9053b0da18682cc31cf9c0eaadfd
    Port:          10500/TCP
    Host Port:     0/TCP
    Command:
      bash
    Args:
      -c
      ./start_nrf.sh; echo nrf TERMINATED. WILL RESTART IN 10 hours. Start debugging; sleep 10h;
    State:          Running
      Started:      Wed, 01 Nov 2023 17:15:14 -0400
    Ready:          True
    Restart Count:  0
    Environment:    &lt;none&gt;
    Mounts:
      /app/config from config-volume (rw)
      /app/logs/ from nrf-pv-logs (rw)
      /var/run/secrets/kubernetes.io/serviceaccount from kube-api-access-j4m7p (ro)
Conditions:
  Type              Status
  Initialized       True 
  Ready             True 
  ContainersReady   True 
  PodScheduled      True 
Volumes:
  config-volume:
    Type:      ConfigMap (a volume populated by a ConfigMap)
    Name:      nrf-configmap
    Optional:  false
  nrf-pv-logs:
    Type:       PersistentVolumeClaim (a reference to a PersistentVolumeClaim in the same namespace)
    ClaimName:  nrf-pv-claim
    ReadOnly:   false
  kube-api-access-j4m7p:
    Type:                    Projected (a volume that contains injected data from multiple sources)
    TokenExpirationSeconds:  3607
    ConfigMapName:           kube-root-ca.crt
    ConfigMapOptional:       &lt;nil&gt;
    DownwardAPI:             true
QoS Class:                   BestEffort
Node-Selectors:              kubernetes.io/hostname=as-dl360-r13-01.netprizm.local
Tolerations:                 node.kubernetes.io/not-ready:NoExecute op=Exists for 300s
                             node.kubernetes.io/unreachable:NoExecute op=Exists for 300s
Events:                      &lt;none&gt;


Name:             np2-qa2-helm-nsacf-775c766d84-g4xp4
Namespace:        np2-qa2
Priority:         0
Service Account:  default
Node:             as-dl360-r13-01.netprizm.local/10.30.249.221
Start Time:       Wed, 01 Nov 2023 17:14:31 -0400
Labels:           app.kubernetes.io/instance=np2-qa2
                  app.kubernetes.io/name=helm-nsacf
                  pod-template-hash=775c766d84
Annotations:      cni.projectcalico.org/containerID: 61ba4a81d568686c932c35337f706326d21bcb81ca7458dc80aec1c4ed0686e6
                  cni.projectcalico.org/podIP: 192.168.240.20/32
                  cni.projectcalico.org/podIPs: 192.168.240.20/32
                  kubectl.kubernetes.io/restartedAt: 2023-10-20T14:39:55-04:00
Status:           Running
IP:               192.168.240.20
IPs:
  IP:           192.168.240.20
Controlled By:  ReplicaSet/np2-qa2-helm-nsacf-775c766d84
Init Containers:
  init-postgres:
    Container ID:  docker://e856c401d62d572db80a19f0099b9842c81b1f38e21f606933d6798528627898
    Image:         registry.vzsme.com:5050/sfdevops/network/5g/core/amantya/ops-helm/nsacf:23.2.6.1
    Image ID:      docker-pullable://registry.vzsme.com:5050/sfdevops/network/5g/core/amantya/ops-helm/nsacf@sha256:7fde39b7fb051f51aeaf6a98f6143e58d1d2e2cd7276d38d29189ed7a6d1b1f0
    Port:          &lt;none&gt;
    Host Port:     &lt;none&gt;
    Command:
      bash
    Args:
      -c
      until pg_isready -h postgres-service -p 5432;do echo waiting for database; sleep 1; done;
    State:          Terminated
      Reason:       Completed
      Exit Code:    0
      Started:      Wed, 01 Nov 2023 17:14:32 -0400
      Finished:     Wed, 01 Nov 2023 17:15:14 -0400
    Ready:          True
    Restart Count:  0
    Environment:    &lt;none&gt;
    Mounts:
      /var/run/secrets/kubernetes.io/serviceaccount from kube-api-access-jmgvm (ro)
Containers:
  nsacf-chart:
    Container ID:  docker://4b4d56fdb3457bfeea4f9b554161a1a2d6cffa7bc9ea610ffb8269516aa9cfd5
    Image:         registry.vzsme.com:5050/sfdevops/network/5g/core/amantya/ops-helm/nsacf:23.2.6.1
    Image ID:      docker-pullable://registry.vzsme.com:5050/sfdevops/network/5g/core/amantya/ops-helm/nsacf@sha256:7fde39b7fb051f51aeaf6a98f6143e58d1d2e2cd7276d38d29189ed7a6d1b1f0
    Port:          8009/TCP
    Host Port:     0/TCP
    Command:
      bash
    Args:
      -c
      ./start_nsacf.sh; echo nsacf TERMINATED. WILL RESTART IN 10 hours. Start debugging; sleep 10h;
    State:          Running
      Started:      Wed, 01 Nov 2023 17:15:14 -0400
    Ready:          True
    Restart Count:  0
    Environment:    &lt;none&gt;
    Mounts:
      /app/config from config-volume (rw)
      /app/logs/ from nsacf-pv-logs (rw)
      /var/run/secrets/kubernetes.io/serviceaccount from kube-api-access-jmgvm (ro)
Conditions:
  Type              Status
  Initialized       True 
  Ready             True 
  ContainersReady   True 
  PodScheduled      True 
Volumes:
  config-volume:
    Type:      ConfigMap (a volume populated by a ConfigMap)
    Name:      nsacf-configmap
    Optional:  false
  nsacf-pv-logs:
    Type:       PersistentVolumeClaim (a reference to a PersistentVolumeClaim in the same namespace)
    ClaimName:  nsacf-pv-claim
    ReadOnly:   false
  kube-api-access-jmgvm:
    Type:                    Projected (a volume that contains injected data from multiple sources)
    TokenExpirationSeconds:  3607
    ConfigMapName:           kube-root-ca.crt
    ConfigMapOptional:       &lt;nil&gt;
    DownwardAPI:             true
QoS Class:                   BestEffort
Node-Selectors:              kubernetes.io/hostname=as-dl360-r13-01.netprizm.local
Tolerations:                 node.kubernetes.io/not-ready:NoExecute op=Exists for 300s
                             node.kubernetes.io/unreachable:NoExecute op=Exists for 300s
Events:                      &lt;none&gt;


Name:             np2-qa2-helm-nssaaf-f765675d7-n8jps
Namespace:        np2-qa2
Priority:         0
Service Account:  default
Node:             as-dl360-r13-01.netprizm.local/10.30.249.221
Start Time:       Wed, 01 Nov 2023 17:14:31 -0400
Labels:           app.kubernetes.io/instance=np2-qa2
                  app.kubernetes.io/name=helm-nssaaf
                  pod-template-hash=f765675d7
Annotations:      cni.projectcalico.org/containerID: 04166f26a4b91ad14d9aab9d7bd583da60962cff6680a17e0eb77a31a345e2c3
                  cni.projectcalico.org/podIP: 192.168.240.30/32
                  cni.projectcalico.org/podIPs: 192.168.240.30/32
                  kubectl.kubernetes.io/restartedAt: 2023-10-20T14:39:55-04:00
Status:           Running
IP:               192.168.240.30
IPs:
  IP:           192.168.240.30
Controlled By:  ReplicaSet/np2-qa2-helm-nssaaf-f765675d7
Containers:
  nssaaf-chart:
    Container ID:  docker://b03c51f0d0aef80559337ddfa143bd4428a5f9d2f5f4a1b2ee7b0fde1b50ada9
    Image:         registry.vzsme.com:5050/sfdevops/network/5g/core/amantya/ops-helm/nssaaf:23.2.6.1
    Image ID:      docker-pullable://registry.vzsme.com:5050/sfdevops/network/5g/core/amantya/ops-helm/nssaaf@sha256:0a27fc0914434ab7b4f70fbe138f6baa78878e0abac665768c6e6f34268f07b6
    Port:          80/TCP
    Host Port:     0/TCP
    Command:
      bash
    Args:
      -c
      ./start_nssaaf.sh; echo nssaaf TERMINATED. WILL RESTART IN 10 hours. Start debugging; sleep 10h;
    State:          Running
      Started:      Tue, 07 Nov 2023 02:15:40 -0500
    Last State:     Terminated
      Reason:       Completed
      Exit Code:    0
      Started:      Mon, 06 Nov 2023 16:15:38 -0500
      Finished:     Tue, 07 Nov 2023 02:15:39 -0500
    Ready:          True
    Restart Count:  13
    Environment:    &lt;none&gt;
    Mounts:
      /app/config from config-volume (rw)
      /app/logs/ from nssaaf-pv-logs (rw)
      /var/run/secrets/kubernetes.io/serviceaccount from kube-api-access-cqnd5 (ro)
Conditions:
  Type              Status
  Initialized       True 
  Ready             True 
  ContainersReady   True 
  PodScheduled      True 
Volumes:
  config-volume:
    Type:      ConfigMap (a volume populated by a ConfigMap)
    Name:      nssaaf-configmap
    Optional:  false
  nssaaf-pv-logs:
    Type:       PersistentVolumeClaim (a reference to a PersistentVolumeClaim in the same namespace)
    ClaimName:  nssaaf-pv-claim
    ReadOnly:   false
  kube-api-access-cqnd5:
    Type:                    Projected (a volume that contains injected data from multiple sources)
    TokenExpirationSeconds:  3607
    ConfigMapName:           kube-root-ca.crt
    ConfigMapOptional:       &lt;nil&gt;
    DownwardAPI:             true
QoS Class:                   BestEffort
Node-Selectors:              kubernetes.io/hostname=as-dl360-r13-01.netprizm.local
Tolerations:                 node.kubernetes.io/not-ready:NoExecute op=Exists for 300s
                             node.kubernetes.io/unreachable:NoExecute op=Exists for 300s
Events:                      &lt;none&gt;


Name:             np2-qa2-helm-nssf-7554986db9-q4hww
Namespace:        np2-qa2
Priority:         0
Service Account:  default
Node:             as-dl360-r13-01.netprizm.local/10.30.249.221
Start Time:       Wed, 01 Nov 2023 17:14:31 -0400
Labels:           app.kubernetes.io/instance=np2-qa2
                  app.kubernetes.io/name=helm-nssf
                  pod-template-hash=7554986db9
Annotations:      cni.projectcalico.org/containerID: 988d39ac06e298416a6e490f1832209ce5369dfba4673086dd39bcff2eb1dfaf
                  cni.projectcalico.org/podIP: 192.168.240.41/32
                  cni.projectcalico.org/podIPs: 192.168.240.41/32
                  kubectl.kubernetes.io/restartedAt: 2023-10-20T14:39:55-04:00
Status:           Running
IP:               192.168.240.41
IPs:
  IP:           192.168.240.41
Controlled By:  ReplicaSet/np2-qa2-helm-nssf-7554986db9
Init Containers:
  init-postgres:
    Container ID:  docker://2a603e9426ebb30876e38f3c8ee252fa24517bdec1d1f58fa6be2964bb517185
    Image:         registry.vzsme.com:5050/sfdevops/network/5g/core/amantya/ops-helm/nssf:23.2.6.1
    Image ID:      docker-pullable://registry.vzsme.com:5050/sfdevops/network/5g/core/amantya/ops-helm/nssf@sha256:1e8f54691b1a09f98ce720a96fbe516dec5607baed45d0ae84ff671c79a10b31
    Port:          &lt;none&gt;
    Host Port:     &lt;none&gt;
    Command:
      bash
    Args:
      -c
      until pg_isready -h postgres-service -p 5432;do echo waiting for database; sleep 1; done;
    State:          Terminated
      Reason:       Completed
      Exit Code:    0
      Started:      Wed, 01 Nov 2023 17:14:32 -0400
      Finished:     Wed, 01 Nov 2023 17:15:14 -0400
    Ready:          True
    Restart Count:  0
    Environment:    &lt;none&gt;
    Mounts:
      /var/run/secrets/kubernetes.io/serviceaccount from kube-api-access-p5gm6 (ro)
Containers:
  nssf-chart:
    Container ID:  docker://01a4466772faee8b17096a524bba40153de42317e71123130bf676b68611d37d
    Image:         registry.vzsme.com:5050/sfdevops/network/5g/core/amantya/ops-helm/nssf:23.2.6.1
    Image ID:      docker-pullable://registry.vzsme.com:5050/sfdevops/network/5g/core/amantya/ops-helm/nssf@sha256:1e8f54691b1a09f98ce720a96fbe516dec5607baed45d0ae84ff671c79a10b31
    Port:          29520/TCP
    Host Port:     0/TCP
    Command:
      bash
    Args:
      -c
      ./start_nssf.sh; echo nssf TERMINATED. WILL RESTART IN 10 hours. Start debugging; sleep 10h;
    State:          Running
      Started:      Wed, 01 Nov 2023 17:15:14 -0400
    Ready:          True
    Restart Count:  0
    Environment:    &lt;none&gt;
    Mounts:
      /app/config from config-volume (rw)
      /app/logs/ from nssf-pv-logs (rw)
      /var/run/secrets/kubernetes.io/serviceaccount from kube-api-access-p5gm6 (ro)
Conditions:
  Type              Status
  Initialized       True 
  Ready             True 
  ContainersReady   True 
  PodScheduled      True 
Volumes:
  config-volume:
    Type:      ConfigMap (a volume populated by a ConfigMap)
    Name:      nssf-configmap
    Optional:  false
  nssf-pv-logs:
    Type:       PersistentVolumeClaim (a reference to a PersistentVolumeClaim in the same namespace)
    ClaimName:  nssf-pv-claim
    ReadOnly:   false
  kube-api-access-p5gm6:
    Type:                    Projected (a volume that contains injected data from multiple sources)
    TokenExpirationSeconds:  3607
    ConfigMapName:           kube-root-ca.crt
    ConfigMapOptional:       &lt;nil&gt;
    DownwardAPI:             true
QoS Class:                   BestEffort
Node-Selectors:              kubernetes.io/hostname=as-dl360-r13-01.netprizm.local
Tolerations:                 node.kubernetes.io/not-ready:NoExecute op=Exists for 300s
                             node.kubernetes.io/unreachable:NoExecute op=Exists for 300s
Events:                      &lt;none&gt;


Name:             np2-qa2-helm-pcf-7d8f6fbcf6-lb74g
Namespace:        np2-qa2
Priority:         0
Service Account:  default
Node:             as-dl360-r13-01.netprizm.local/10.30.249.221
Start Time:       Wed, 01 Nov 2023 17:14:31 -0400
Labels:           app.kubernetes.io/instance=np2-qa2
                  app.kubernetes.io/name=helm-pcf
                  pod-template-hash=7d8f6fbcf6
Annotations:      cni.projectcalico.org/containerID: d109f5d27387f5404eea67a4b53e1952933cc73bb746a3b179afa7c61f54b6f6
                  cni.projectcalico.org/podIP: 192.168.240.12/32
                  cni.projectcalico.org/podIPs: 192.168.240.12/32
                  kubectl.kubernetes.io/restartedAt: 2023-10-20T14:39:55-04:00
Status:           Running
IP:               192.168.240.12
IPs:
  IP:           192.168.240.12
Controlled By:  ReplicaSet/np2-qa2-helm-pcf-7d8f6fbcf6
Containers:
  pcf-chart:
    Container ID:  docker://1ace1010fba0337a9f2b8116df3b14783ee42b50d4695caea392753ae25c680e
    Image:         registry.vzsme.com:5050/sfdevops/network/5g/core/amantya/ops-helm/pcf:23.2.6.1
    Image ID:      docker-pullable://registry.vzsme.com:5050/sfdevops/network/5g/core/amantya/ops-helm/pcf@sha256:a0e1187d13485b20b1c27dfae4008fd42624b762db95274c15882ff2b0e8d3b4
    Port:          9001/TCP
    Host Port:     0/TCP
    Command:
      bash
    Args:
      -c
      ./start_pcf.sh; echo pcf TERMINATED. WILL RESTART IN 10 hours. Start debugging; sleep 10h;
    State:          Running
      Started:      Wed, 01 Nov 2023 17:14:31 -0400
    Ready:          True
    Restart Count:  0
    Environment:    &lt;none&gt;
    Mounts:
      /app/config from config-volume (rw)
      /app/logs/ from pcf-pv-logs (rw)
      /var/run/secrets/kubernetes.io/serviceaccount from kube-api-access-v2nl4 (ro)
Conditions:
  Type              Status
  Initialized       True 
  Ready             True 
  ContainersReady   True 
  PodScheduled      True 
Volumes:
  config-volume:
    Type:      ConfigMap (a volume populated by a ConfigMap)
    Name:      pcf-configmap
    Optional:  false
  pcf-pv-logs:
    Type:       PersistentVolumeClaim (a reference to a PersistentVolumeClaim in the same namespace)
    ClaimName:  pcf-pv-claim
    ReadOnly:   false
  kube-api-access-v2nl4:
    Type:                    Projected (a volume that contains injected data from multiple sources)
    TokenExpirationSeconds:  3607
    ConfigMapName:           kube-root-ca.crt
    ConfigMapOptional:       &lt;nil&gt;
    DownwardAPI:             true
QoS Class:                   BestEffort
Node-Selectors:              kubernetes.io/hostname=as-dl360-r13-01.netprizm.local
Tolerations:                 node.kubernetes.io/not-ready:NoExecute op=Exists for 300s
                             node.kubernetes.io/unreachable:NoExecute op=Exists for 300s
Events:                      &lt;none&gt;


Name:             np2-qa2-helm-rx-7f694c7f87-dt9mk
Namespace:        np2-qa2
Priority:         0
Service Account:  np2-qa2-helm-rx
Node:             as-dl360-r13-01.netprizm.local/10.30.249.221
Start Time:       Wed, 01 Nov 2023 17:14:31 -0400
Labels:           app.kubernetes.io/instance=np2-qa2
                  app.kubernetes.io/name=helm-rx
                  pod-template-hash=7f694c7f87
Annotations:      cni.projectcalico.org/containerID: 09783040c1dbe77625fd49bb2702fb18560dc98c6e5f7265edd3deab6ee299c7
                  cni.projectcalico.org/podIP: 192.168.240.38/32
                  cni.projectcalico.org/podIPs: 192.168.240.38/32
                  kubectl.kubernetes.io/restartedAt: 2023-10-20T14:39:55-04:00
Status:           Running
IP:               192.168.240.38
IPs:
  IP:           192.168.240.38
Controlled By:  ReplicaSet/np2-qa2-helm-rx-7f694c7f87
Containers:
  rx-chart:
    Container ID:   docker://4dfa016e04bf92e41a5794ab9ee28a1cd40e7eb9168caddb188c249c826042d2
    Image:          registry.vzsme.com:5050/sfdevops/network/5g/core/amantya/ops-helm/rx:23.2.6.1
    Image ID:       docker-pullable://registry.vzsme.com:5050/sfdevops/network/5g/core/amantya/ops-helm/rx@sha256:de2ed664a21fb5f0b761004c855a895363e18eb0ac7f89194a0c452513bc4fd4
    Port:           3868/TCP
    Host Port:      0/TCP
    State:          Running
      Started:      Wed, 01 Nov 2023 17:14:32 -0400
    Ready:          True
    Restart Count:  0
    Environment:    &lt;none&gt;
    Mounts:
      /app/config from config-volume (rw)
      /var/run/secrets/kubernetes.io/serviceaccount from kube-api-access-k4d7t (ro)
Conditions:
  Type              Status
  Initialized       True 
  Ready             True 
  ContainersReady   True 
  PodScheduled      True 
Volumes:
  config-volume:
    Type:      ConfigMap (a volume populated by a ConfigMap)
    Name:      rx-configmap
    Optional:  false
  rx-pv-logs:
    Type:       PersistentVolumeClaim (a reference to a PersistentVolumeClaim in the same namespace)
    ClaimName:  rx-pv-claim1
    ReadOnly:   false
  kube-api-access-k4d7t:
    Type:                    Projected (a volume that contains injected data from multiple sources)
    TokenExpirationSeconds:  3607
    ConfigMapName:           kube-root-ca.crt
    ConfigMapOptional:       &lt;nil&gt;
    DownwardAPI:             true
QoS Class:                   BestEffort
Node-Selectors:              kubernetes.io/hostname=as-dl360-r13-01.netprizm.local
Tolerations:                 node.kubernetes.io/not-ready:NoExecute op=Exists for 300s
                             node.kubernetes.io/unreachable:NoExecute op=Exists for 300s
Events:                      &lt;none&gt;


Name:             np2-qa2-helm-smf-9c54789b7-9zst7
Namespace:        np2-qa2
Priority:         0
Service Account:  default
Node:             as-dl360-r13-01.netprizm.local/10.30.249.221
Start Time:       Wed, 01 Nov 2023 17:14:31 -0400
Labels:           app.kubernetes.io/instance=np2-qa2
                  app.kubernetes.io/name=helm-smf
                  pod-template-hash=9c54789b7
Annotations:      cni.projectcalico.org/containerID: 802e8f12a85aca200c3ccdee91223e93f088b368ab8f312db10e5e1fdf26bdec
                  cni.projectcalico.org/podIP: 192.168.240.9/32
                  cni.projectcalico.org/podIPs: 192.168.240.9/32
                  kubectl.kubernetes.io/restartedAt: 2023-10-20T14:39:55-04:00
Status:           Running
IP:               192.168.240.9
IPs:
  IP:           192.168.240.9
Controlled By:  ReplicaSet/np2-qa2-helm-smf-9c54789b7
Init Containers:
  init-redis:
    Container ID:  docker://3ab53dbf4adedb702f887cba5266e4328d61efb175b09b278dec0bcc22117f07
    Image:         registry.vzsme.com:5050/sfdevops/network/5g/core/amantya/ops-helm/smf:23.2.6.1
    Image ID:      docker-pullable://registry.vzsme.com:5050/sfdevops/network/5g/core/amantya/ops-helm/smf@sha256:dfe3ad0af411fc8a1ffe1cba3ca10d4f30add3d64e40831470b5636529986e01
    Port:          &lt;none&gt;
    Host Port:     &lt;none&gt;
    Command:
      bash
    Args:
      -c
      until redis-cli -h redis-service ping;do echo waiting for redis database; sleep 1; done;
    State:          Terminated
      Reason:       Completed
      Exit Code:    0
      Started:      Wed, 01 Nov 2023 17:14:32 -0400
      Finished:     Wed, 01 Nov 2023 17:15:13 -0400
    Ready:          True
    Restart Count:  0
    Environment:    &lt;none&gt;
    Mounts:
      /var/run/secrets/kubernetes.io/serviceaccount from kube-api-access-hdqfm (ro)
Containers:
  smf-chart:
    Container ID:  docker://0da62a2c77fcae045114db27c5851b5269d6289be396727c93f9599a02dd132e
    Image:         registry.vzsme.com:5050/sfdevops/network/5g/core/amantya/ops-helm/smf:23.2.6.1
    Image ID:      docker-pullable://registry.vzsme.com:5050/sfdevops/network/5g/core/amantya/ops-helm/smf@sha256:dfe3ad0af411fc8a1ffe1cba3ca10d4f30add3d64e40831470b5636529986e01
    Port:          29519/TCP
    Host Port:     0/TCP
    Command:
      bash
    Args:
      -c
      ./start_smf.sh; echo smf TERMINATED. WILL RESTART IN 10 hours. Start debugging; sleep 10h;
[...]
UE_09_UEMP  Found in qa2
data list []
Updated list :  ['UE_09_UEMP', 'v23.9.1.1']

 Searching UE_09_UEMP in qa Environment
UE_09_UEMP Not Found in given env......
Updated list :  ['UE_09_UEMP', 'v23.9.1.1', 'module not found in qa']

 Searching UE_09_UEMP_PUBS… in qa2 Environment
UE_09_UEMP_PUBS…  Found in qa2
data list []
Updated list :  ['UE_09_UEMP_PUBS…', 'v23.9.1.1']

 Searching UE_09_UEMP_PUBS… in qa Environment
UE_09_UEMP_PUBS… Not Found in given env......
Updated list :  ['UE_09_UEMP_PUBS…', 'v23.9.1.1', 'module not found in qa']

 Searching CU_01 in qa2 Environment
CU_01  Found in qa2
data list []
Updated list :  ['CU_01', '02.05.13.1']

 Searching CU_01 in qa Environment
CU_01  Found in qa
data list ['CU_01', '02.05.13.1']
Updated list :  ['CU_01', '02.05.13.1', '02.05.13']

 Searching UE_11_UEMP_PUBS… in qa2 Environment
UE_11_UEMP_PUBS…  Found in qa2
data list []
Updated list :  ['UE_11_UEMP_PUBS…', 'v23.9.1.1']

 Searching UE_11_UEMP_PUBS… in qa Environment
UE_11_UEMP_PUBS… Not Found in given env......
Updated list :  ['UE_11_UEMP_PUBS…', 'v23.9.1.1', 'module not found in qa']

 Searching CLI_TOOL in qa2 Environment
CLI_TOOL  Found in qa2
data list []
Updated list :  ['CLI_TOOL', '23.09.29.1']

 Searching CLI_TOOL in qa Environment
CLI_TOOL  Found in qa
data list ['CLI_TOOL', '23.09.29.1']
Updated list :  ['CLI_TOOL', '23.09.29.1', '23.08.16.1']

 Searching UE_12_UEMP in qa2 Environment
UE_12_UEMP  Found in qa2
data list []
Updated list :  ['UE_12_UEMP', 'v23.9.1.1']

 Searching UE_12_UEMP in qa Environment
UE_12_UEMP Not Found in given env......
Updated list :  ['UE_12_UEMP', 'v23.9.1.1', 'module not found in qa']

 Searching LMM_SERVICE in qa2 Environment
LMM_SERVICE  Found in qa2
data list []
Updated list :  ['LMM_SERVICE', '23.2.6.3']

 Searching LMM_SERVICE in qa Environment
LMM_SERVICE  Found in qa
data list ['LMM_SERVICE', '23.2.6.3']
Updated list :  ['LMM_SERVICE', '23.2.6.3', '2.6.0']

 Searching UEM_SERVICE in qa2 Environment
UEM_SERVICE  Found in qa2
data list []
Updated list :  ['UEM_SERVICE', '23.07.11']

 Searching UEM_SERVICE in qa Environment
UEM_SERVICE  Found in qa
data list ['UEM_SERVICE', '23.07.11']
Updated list :  ['UEM_SERVICE', '23.07.11', '23.07.11']

 Searching UE_16_UEMP in qa2 Environment
UE_16_UEMP  Found in qa2
data list []
Updated list :  ['UE_16_UEMP', 'v23.9.1.1']

 Searching UE_16_UEMP in qa Environment
UE_16_UEMP Not Found in given env......
Updated list :  ['UE_16_UEMP', 'v23.9.1.1', 'module not found in qa']

 Searching UE_14_UEMP_PUBS… in qa2 Environment
UE_14_UEMP_PUBS…  Found in qa2
data list []
Updated list :  ['UE_14_UEMP_PUBS…', 'v23.9.1.1']

 Searching UE_14_UEMP_PUBS… in qa Environment
UE_14_UEMP_PUBS… Not Found in given env......
Updated list :  ['UE_14_UEMP_PUBS…', 'v23.9.1.1', 'module not found in qa']

 Searching UE_01_UEMP in qa2 Environment
UE_01_UEMP  Found in qa2
data list []
Updated list :  ['UE_01_UEMP', 'v23.9.1.1']

 Searching UE_01_UEMP in qa Environment
UE_01_UEMP  Found in qa
data list ['UE_01_UEMP', 'v23.9.1.1']
Updated list :  ['UE_01_UEMP', 'v23.9.1.1', 'v23.7.2.1']

 Searching UE_10_UEMP_CSM in qa2 Environment
UE_10_UEMP_CSM  Found in qa2
data list []
Updated list :  ['UE_10_UEMP_CSM', 'v23.9.1.1']

 Searching UE_10_UEMP_CSM in qa Environment
UE_10_UEMP_CSM Not Found in given env......
Updated list :  ['UE_10_UEMP_CSM', 'v23.9.1.1', 'module not found in qa']

 Searching UE_09 in qa2 Environment
UE_09  Found in qa2
data list []
Updated list :  ['UE_09', '04.01.02']

 Searching UE_09 in qa Environment
UE_09 Not Found in given env......
Updated list :  ['UE_09', '04.01.02', 'module not found in qa']

 Searching CCL_SERVICE in qa2 Environment
CCL_SERVICE  Found in qa2
data list []
Updated list :  ['CCL_SERVICE', '23.09.20.2']

 Searching CCL_SERVICE in qa Environment
CCL_SERVICE  Found in qa
data list ['CCL_SERVICE', '23.09.20.2']
Updated list :  ['CCL_SERVICE', '23.09.20.2', '23.08.21']

 Searching DU_11_RANP_CSM in qa2 Environment
DU_11_RANP_CSM  Found in qa2
data list []
Updated list :  ['DU_11_RANP_CSM', 'v23.9.1.1']

 Searching DU_11_RANP_CSM in qa Environment
DU_11_RANP_CSM  Found in qa
data list ['DU_11_RANP_CSM', 'v23.9.1.1']
Updated list :  ['DU_11_RANP_CSM', 'v23.9.1.1', 'v23.7.2.1']

 Searching UE_02_UEMP_PUBS… in qa2 Environment
UE_02_UEMP_PUBS…  Found in qa2
data list []
Updated list :  ['UE_02_UEMP_PUBS…', 'v23.9.1.1']

 Searching UE_02_UEMP_PUBS… in qa Environment
UE_02_UEMP_PUBS…  Found in qa
data list ['UE_02_UEMP_PUBS…', 'v23.9.1.1']
Updated list :  ['UE_02_UEMP_PUBS…', 'v23.9.1.1', 'v23.7.2.1']

 Searching UE_07_UEMP_PUBS… in qa2 Environment
UE_07_UEMP_PUBS…  Found in qa2
data list []
Updated list :  ['UE_07_UEMP_PUBS…', 'v23.9.1.1']

 Searching UE_07_UEMP_PUBS… in qa Environment
UE_07_UEMP_PUBS… Not Found in given env......
Updated list :  ['UE_07_UEMP_PUBS…', 'v23.9.1.1', 'module not found in qa']

 Searching UE_12_UEMP_CSM in qa2 Environment
UE_12_UEMP_CSM  Found in qa2
data list []
Updated list :  ['UE_12_UEMP_CSM', 'v23.9.1.1']

 Searching UE_12_UEMP_CSM in qa Environment
UE_12_UEMP_CSM Not Found in given env......
Updated list :  ['UE_12_UEMP_CSM', 'v23.9.1.1', 'module not found in qa']

 Searching UE_12_UEMP_PUBS… in qa2 Environment
UE_12_UEMP_PUBS…  Found in qa2
data list []
Updated list :  ['UE_12_UEMP_PUBS…', 'v23.9.1.1']

 Searching UE_12_UEMP_PUBS… in qa Environment
UE_12_UEMP_PUBS… Not Found in given env......
Updated list :  ['UE_12_UEMP_PUBS…', 'v23.9.1.1', 'module not found in qa']

 Searching UE_11_UEMP in qa2 Environment
UE_11_UEMP  Found in qa2
data list []
Updated list :  ['UE_11_UEMP', 'v23.9.1.1']

 Searching UE_11_UEMP in qa Environment
UE_11_UEMP Not Found in given env......
Updated list :  ['UE_11_UEMP', 'v23.9.1.1', 'module not found in qa']

 Searching UE_01_UEMP_CSM in qa2 Environment
UE_01_UEMP_CSM  Found in qa2
data list []
Updated list :  ['UE_01_UEMP_CSM', 'v23.9.1.1']

 Searching UE_01_UEMP_CSM in qa Environment
UE_01_UEMP_CSM  Found in qa
data list ['UE_01_UEMP_CSM', 'v23.9.1.1']
Updated list :  ['UE_01_UEMP_CSM', 'v23.9.1.1', 'v23.7.2.1']

 Searching UE_10_UEMP in qa2 Environment
UE_10_UEMP  Found in qa2
data list []
Updated list :  ['UE_10_UEMP', 'v23.9.1.1']

 Searching UE_10_UEMP in qa Environment
UE_10_UEMP Not Found in given env......
Updated list :  ['UE_10_UEMP', 'v23.9.1.1', 'module not found in qa']

 Searching DU12_RANP_PUBSUB in qa2 Environment
DU12_RANP_PUBSUB  Found in qa2
data list []
Updated list :  ['DU12_RANP_PUBSUB', 'v23.9.1.1']

 Searching DU12_RANP_PUBSUB in qa Environment
DU12_RANP_PUBSUB Not Found in given env......
Updated list :  ['DU12_RANP_PUBSUB', 'v23.9.1.1', 'module not found in qa']

 Searching SD_SERVICE in qa2 Environment
SD_SERVICE  Found in qa2
data list []
Updated list :  ['SD_SERVICE', '23.09.21']

 Searching SD_SERVICE in qa Environment
SD_SERVICE  Found in qa
data list ['SD_SERVICE', '23.09.21']
Updated list :  ['SD_SERVICE', '23.09.21', '23.08.23']

 Searching UE_16 in qa2 Environment
UE_16  Found in qa2
data list []
Updated list :  ['UE_16', '04.01.02']

 Searching UE_16 in qa Environment
UE_16 Not Found in given env......
Updated list :  ['UE_16', '04.01.02', 'module not found in qa']

 Searching UE_03_UEMP in qa2 Environment
UE_03_UEMP  Found in qa2
data list []
Updated list :  ['UE_03_UEMP', 'v23.9.1.1']

 Searching UE_03_UEMP in qa Environment
UE_03_UEMP  Found in qa
data list ['UE_03_UEMP', 'v23.9.1.1']
Updated list :  ['UE_03_UEMP', 'v23.9.1.1', 'v23.7.2.1']

 Searching UE_06_UEMP in qa2 Environment
UE_06_UEMP  Found in qa2
data list []
Updated list :  ['UE_06_UEMP', 'v23.9.1.1']

 Searching UE_06_UEMP in qa Environment
UE_06_UEMP  Found in qa
data list ['UE_06_UEMP', 'v23.9.1.1']
Updated list :  ['UE_06_UEMP', 'v23.9.1.1', 'v23.7.2.1']

 Searching UE_08 in qa2 Environment
UE_08  Found in qa2
data list []
Updated list :  ['UE_08', '04.01.02']

 Searching UE_08 in qa Environment
UE_08 Not Found in given env......
Updated list :  ['UE_08', '04.01.02', 'module not found in qa']

 Searching UE_15_UEMP in qa2 Environment
UE_15_UEMP  Found in qa2
data list []
Updated list :  ['UE_15_UEMP', 'v23.9.1.1']

 Searching UE_15_UEMP in qa Environment
UE_15_UEMP Not Found in given env......
Updated list :  ['UE_15_UEMP', 'v23.9.1.1', 'module not found in qa']

 Searching UE_02_UEMP in qa2 Environment
UE_02_UEMP  Found in qa2
data list []
Updated list :  ['UE_02_UEMP', 'v23.9.1.1']

 Searching UE_02_UEMP in qa Environment
UE_02_UEMP  Found in qa
data list ['UE_02_UEMP', 'v23.9.1.1']
Updated list :  ['UE_02_UEMP', 'v23.9.1.1', 'v23.7.2.1']

 Searching UE_15 in qa2 Environment
UE_15  Found in qa2
data list []
Updated list :  ['UE_15', '04.01.02']

 Searching UE_15 in qa Environment
UE_15 Not Found in given env......
Updated list :  ['UE_15', '04.01.02', 'module not found in qa']

 Searching UE_02_UEMP_CSM in qa2 Environment
UE_02_UEMP_CSM  Found in qa2
data list []
Updated list :  ['UE_02_UEMP_CSM', 'v23.9.1.1']

 Searching UE_02_UEMP_CSM in qa Environment
UE_02_UEMP_CSM  Found in qa
data list ['UE_02_UEMP_CSM', 'v23.9.1.1']
Updated list :  ['UE_02_UEMP_CSM', 'v23.9.1.1', 'v23.7.2.1']

 Searching UE_08_UEMP_CSM in qa2 Environment
UE_08_UEMP_CSM  Found in qa2
data list []
Updated list :  ['UE_08_UEMP_CSM', 'v23.9.1.1']

 Searching UE_08_UEMP_CSM in qa Environment
UE_08_UEMP_CSM Not Found in given env......
Updated list :  ['UE_08_UEMP_CSM', 'v23.9.1.1', 'module not found in qa']

 Searching UE_01 in qa2 Environment
UE_01  Found in qa2
data list []
Updated list :  ['UE_01', '04.01.02']

 Searching UE_01 in qa Environment
UE_01  Found in qa
data list ['UE_01', '04.01.02']
Updated list :  ['UE_01', '04.01.02', '03.01.05.01']
+------------------+----------------------+----------------------+
| Modules          | qa2                  | qa                   |
+------------------+----------------------+----------------------+
| NRF_Version      | 23.2.6.1             | 23.2.6.1             |
| SMF_Version      | 23.2.6.1             | 23.2.6.1             |
| UDR_Version      | 23.2.6.1             | 23.2.6.1             |
| PCF_Version      | 23.2.6.1             | 23.2.6.1             |
| AMF_Version      | 23.2.6.1             | 23.2.6.1             |
| UDM_Version      | 23.2.6.1             | 23.2.6.1             |
| AUSF_Version     | 23.2.6.1             | 23.2.6.1             |
| CHV              | RF_23.9.1.0          | RF_23.8.1.1          |
| DU_11_RANP       | v23.9.1.1            | v23.7.2.1            |
| UE_05_UEMP_CSM   | v23.9.1.1            | v23.7.2.1            |
| UE_14_UEMP_CSM   | v23.9.1.1            | module not found in  |
|                  |                      | qa                   |
| UE_14_UEMP       | v23.9.1.1            | module not found in  |
|                  |                      | qa                   |
| EM_SERVICE       | 23.09.29.2           | 23.08.28.1           |
| DU_11_RANP_PUBS… | module not found in  | v23.7.2.1            |
|                  | qa2                  |                      |
| UE_06            | 04.01.02             | 03.01.05.01          |
| UE_05_UEMP_PUBS… | v23.9.1.1            | v23.7.2.1            |
| DU_11            | 02.05.13             | 02.05.13             |
| DU_12_RANP_PUBS… | module not found in  | v23.7.2.1            |
|                  | qa2                  |                      |
| UE_13_UEMP       | v23.9.1.1            | module not found in  |
|                  |                      | qa                   |
| VATEST           | RF_23.9.1.0          | RF_23.8.1.1          |
| AM_SERVICE       | 23.07.05             | 23.07.05             |
| UE_04_UEMP       | v23.9.1.1            | v23.7.2.1            |
| UE_06_UEMP_PUBS… | v23.9.1.1            | v23.7.2.1            |
| UE_09_UEMP_CSM   | v23.9.1.1            | module not found in  |
|                  |                      | qa                   |
| UE_10            | 04.01.03             | module not found in  |
|                  |                      | qa                   |
| DU_12_RANP       | v23.9.1.1            | v23.7.2.1            |
| UE_05            | 04.01.02             | 03.01.05.01          |
| UE_13_UEMP_PUBS… | v23.9.1.1            | module not found in  |
|                  |                      | qa                   |
| UE_06_UEMP_CSM   | v23.9.1.1            | v23.7.2.1            |
| UE_05_UEMP       | v23.9.1.1            | v23.7.2.1            |
| UE_16_UEMP_CSM   | v23.9.1.1            | module not found in  |
|                  |                      | qa                   |
| DU_12_RANP_CSM   | v23.9.1.1            | v23.7.2.1            |
| PUBSUB_BROKER    | v23.9.1.1            | v23.7.2.1            |
| UI_SERVICE       | 23.09.27.2           | 23.08.28.1           |
| DU11_RANP_PUBSUB | v23.9.1.1            | module not found in  |
|                  |                      | qa                   |
| CHV_PUBSUB       | v23.9.1.1            | v23.7.2.1            |
| UE_02            | 04.01.02             | 03.01.05.01          |
| UE_07_UEMP_CSM   | v23.9.1.1            | module not found in  |
|                  |                      | qa                   |
| UE_15_UEMP_PUBS… | v23.9.1.1            | module not found in  |
|                  |                      | qa                   |
| UE_04            | 04.01.02             | 03.01.05.01          |
| UE_08_UEMP_PUBS… | v23.9.1.1            | module not found in  |
|                  |                      | qa                   |
| UE_03            | 04.01.02             | 03.01.05.01          |
| UE_01_UEMP_PUBS… | v23.9.1.1            | v23.7.2.1            |
| UE_07_UEMP       | v23.9.1.1            | module not found in  |
|                  |                      | qa                   |
| UE_11            | 04.01.02             | module not found in  |
|                  |                      | qa                   |
| UE_07            | 04.01.02             | module not found in  |
|                  |                      | qa                   |
| UE_13            | 04.01.02             | module not found in  |
|                  |                      | qa                   |
| UE_04_UEMP_CSM   | v23.9.1.1            | v23.7.2.1            |
| UE_11_UEMP_CSM   | v23.9.1.1            | module not found in  |
|                  |                      | qa                   |
| UE_03_UEMP_CSM   | v23.9.1.1            | v23.7.2.1            |
| NAF_SERVICE      | 23.09.29             | 23.09.11             |
| UE_14            | 04.01.02             | module not found in  |
|                  |                      | qa                   |
| UE_12            | 04.01.02             | module not found in  |
|                  |                      | qa                   |
| CHV_CSM          | v23.9.1.1            | v23.7.2.1            |
| UE_04_UEMP_PUBS… | v23.9.1.1            | v23.7.2.1            |
| UE_15_UEMP_CSM   | v23.9.1.1            | module not found in  |
|                  |                      | qa                   |
| UE_10_UEMP_PUBS… | v23.9.1.1            | module not found in  |
|                  |                      | qa                   |
| DU_12            | 02.05.13             | 02.05.13             |
| UE_03_UEMP_PUBS… | v23.9.1.1            | v23.7.2.1            |
| UE_16_UEMP_PUBS… | v23.9.1.1            | module not found in  |
|                  |                      | qa                   |
| UE_13_UEMP_CSM   | v23.9.1.1            | module not found in  |
|                  |                      | qa                   |
| UE_08_UEMP       | v23.9.1.1            | module not found in  |
|                  |                      | qa                   |
| UE_09_UEMP       | v23.9.1.1            | module not found in  |
|                  |                      | qa                   |
| UE_09_UEMP_PUBS… | v23.9.1.1            | module not found in  |
|                  |                      | qa                   |
| CU_01            | 02.05.13.1           | 02.05.13             |
| UE_11_UEMP_PUBS… | v23.9.1.1            | module not found in  |
|                  |                      | qa                   |
| CLI_TOOL         | 23.09.29.1           | 23.08.16.1           |
| UE_12_UEMP       | v23.9.1.1            | module not found in  |
|                  |                      | qa                   |
| LMM_SERVICE      | 23.2.6.3             | 2.6.0                |
| UEM_SERVICE      | 23.07.11             | 23.07.11             |
| UE_16_UEMP       | v23.9.1.1            | module not found in  |
|                  |                      | qa                   |
| UE_14_UEMP_PUBS… | v23.9.1.1            | module not found in  |
|                  |                      | qa                   |
| UE_01_UEMP       | v23.9.1.1            | v23.7.2.1            |
| UE_10_UEMP_CSM   | v23.9.1.1            | module not found in  |
|                  |                      | qa                   |
| UE_09            | 04.01.02             | module not found in  |
|                  |                      | qa                   |
| CCL_SERVICE      | 23.09.20.2           | 23.08.21             |
| DU_11_RANP_CSM   | v23.9.1.1            | v23.7.2.1            |
| UE_02_UEMP_PUBS… | v23.9.1.1            | v23.7.2.1            |
| UE_07_UEMP_PUBS… | v23.9.1.1            | module not found in  |
|                  |                      | qa                   |
| UE_12_UEMP_CSM   | v23.9.1.1            | module not found in  |
|                  |                      | qa                   |
| UE_12_UEMP_PUBS… | v23.9.1.1            | module not found in  |
|                  |                      | qa                   |
| UE_11_UEMP       | v23.9.1.1            | module not found in  |
|                  |                      | qa                   |
| UE_01_UEMP_CSM   | v23.9.1.1            | v23.7.2.1            |
| UE_10_UEMP       | v23.9.1.1            | module not found in  |
|                  |                      | qa                   |
| DU12_RANP_PUBSUB | v23.9.1.1            | module not found in  |
|                  |                      | qa                   |
| SD_SERVICE       | 23.09.21             | 23.08.23             |
| UE_16            | 04.01.02             | module not found in  |
|                  |                      | qa                   |
| UE_03_UEMP       | v23.9.1.1            | v23.7.2.1            |
| UE_06_UEMP       | v23.9.1.1            | v23.7.2.1            |
| UE_08            | 04.01.02             | module not found in  |
|                  |                      | qa                   |
| UE_15_UEMP       | v23.9.1.1            | module not found in  |
|                  |                      | qa                   |
| UE_02_UEMP       | v23.9.1.1            | v23.7.2.1            |
| UE_15            | 04.01.02             | module not found in  |
|                  |                      | qa                   |
| UE_02_UEMP_CSM   | v23.9.1.1            | v23.7.2.1            |
| UE_08_UEMP_CSM   | v23.9.1.1            | module not found in  |
|                  |                      | qa                   |
| UE_01            | 04.01.02             | 03.01.05.01          |
+------------------+----------------------+----------------------+</msg>
<status status="PASS" starttime="20231107 17:35:06.991" endtime="20231107 17:35:07.000"/>
</kw>
<status status="PASS" starttime="20231107 17:33:45.215" endtime="20231107 17:35:07.000"/>
</kw>
<status status="PASS" starttime="20231107 17:33:45.215" endtime="20231107 17:35:07.000"/>
</test>
<doc>Modules Version In Json Format</doc>
<status status="PASS" starttime="20231107 17:33:45.094" endtime="20231107 17:35:07.000"/>
</suite>
<statistics>
<total>
<stat pass="1" fail="0" skip="0">All Tests</stat>
</total>
<tag>
</tag>
<suite>
<stat pass="1" fail="0" skip="0" id="s1" name="VersionComparison">VersionComparison</stat>
</suite>
</statistics>
<errors>
</errors>
</robot>
